2007.02.16 11:57 B E:\abhi\oic\admin___16feb\test\icons\backcolor.gif <-- wildnet /wildnettechnologies/wwwroot/ClubOne/test/icons backcolor.gif
2007.02.16 11:57 B E:\abhi\oic\admin___16feb\test\icons\backcolor_on.gif <-- wildnet /wildnettechnologies/wwwroot/ClubOne/test/icons backcolor_on.gif
2007.02.16 11:57 B E:\abhi\oic\admin___16feb\test\icons\background_silver.jpg <-- wildnet /wildnettechnologies/wwwroot/ClubOne/test/icons background_silver.jpg
2007.02.16 11:57 B E:\abhi\oic\admin___16feb\test\icons\bold.gif <-- wildnet /wildnettechnologies/wwwroot/ClubOne/test/icons bold.gif
2007.02.16 11:57 B E:\abhi\oic\admin___16feb\test\icons\bold_on.gif <-- wildnet /wildnettechnologies/wwwroot/ClubOne/test/icons bold_on.gif
2007.02.16 11:57 B E:\abhi\oic\admin___16feb\test\icons\copy.gif <-- wildnet /wildnettechnologies/wwwroot/ClubOne/test/icons copy.gif
2007.02.16 11:57 B E:\abhi\oic\admin___16feb\test\icons\copy_on.gif <-- wildnet /wildnettechnologies/wwwroot/ClubOne/test/icons copy_on.gif
2007.02.16 11:57 B E:\abhi\oic\admin___16feb\test\icons\cut.gif <-- wildnet /wildnettechnologies/wwwroot/ClubOne/test/icons cut.gif
2007.02.16 11:57 B E:\abhi\oic\admin___16feb\test\icons\cut_on.gif <-- wildnet /wildnettechnologies/wwwroot/ClubOne/test/icons cut_on.gif
2007.02.16 11:57 B E:\abhi\oic\admin___16feb\test\icons\forecolor.gif <-- wildnet /wildnettechnologies/wwwroot/ClubOne/test/icons forecolor.gif
2007.02.16 11:57 B E:\abhi\oic\admin___16feb\test\icons\forecolor_on.gif <-- wildnet /wildnettechnologies/wwwroot/ClubOne/test/icons forecolor_on.gif
2007.02.16 11:57 B E:\abhi\oic\admin___16feb\test\icons\help.gif <-- wildnet /wildnettechnologies/wwwroot/ClubOne/test/icons help.gif
2007.02.16 11:57 B E:\abhi\oic\admin___16feb\test\icons\help_on.gif <-- wildnet /wildnettechnologies/wwwroot/ClubOne/test/icons help_on.gif
2007.02.16 11:57 B E:\abhi\oic\admin___16feb\test\icons\indent_left.gif <-- wildnet /wildnettechnologies/wwwroot/ClubOne/test/icons indent_left.gif
2007.02.16 11:57 B E:\abhi\oic\admin___16feb\test\icons\indent_left_on.gif <-- wildnet /wildnettechnologies/wwwroot/ClubOne/test/icons indent_left_on.gif
2007.02.16 11:57 B E:\abhi\oic\admin___16feb\test\icons\indent_right.gif <-- wildnet /wildnettechnologies/wwwroot/ClubOne/test/icons indent_right.gif
2007.02.16 11:57 B E:\abhi\oic\admin___16feb\test\icons\indent_right_on.gif <-- wildnet /wildnettechnologies/wwwroot/ClubOne/test/icons indent_right_on.gif
2007.02.16 11:57 B E:\abhi\oic\admin___16feb\test\icons\insert_hyperlink.gif <-- wildnet /wildnettechnologies/wwwroot/ClubOne/test/icons insert_hyperlink.gif
2007.02.16 11:57 B E:\abhi\oic\admin___16feb\test\icons\insert_hyperlink_on.gif <-- wildnet /wildnettechnologies/wwwroot/ClubOne/test/icons insert_hyperlink_on.gif
2007.02.16 11:57 B E:\abhi\oic\admin___16feb\test\icons\insert_picture.gif <-- wildnet /wildnettechnologies/wwwroot/ClubOne/test/icons insert_picture.gif
2007.02.16 11:57 B E:\abhi\oic\admin___16feb\test\icons\insert_picture_on.gif <-- wildnet /wildnettechnologies/wwwroot/ClubOne/test/icons insert_picture_on.gif
2007.02.16 11:57 B E:\abhi\oic\admin___16feb\test\icons\insert_table.gif <-- wildnet /wildnettechnologies/wwwroot/ClubOne/test/icons insert_table.gif
2007.02.16 11:57 B E:\abhi\oic\admin___16feb\test\icons\insert_table_on.gif <-- wildnet /wildnettechnologies/wwwroot/ClubOne/test/icons insert_table_on.gif
2007.02.16 11:57 B E:\abhi\oic\admin___16feb\test\icons\italics.gif <-- wildnet /wildnettechnologies/wwwroot/ClubOne/test/icons italics.gif
2007.02.16 11:58 B E:\abhi\oic\admin___16feb\test\icons\italics_on.gif <-- wildnet /wildnettechnologies/wwwroot/ClubOne/test/icons italics_on.gif
2007.02.16 11:58 B E:\abhi\oic\admin___16feb\test\icons\justify_center.gif <-- wildnet /wildnettechnologies/wwwroot/ClubOne/test/icons justify_center.gif
2007.02.16 11:58 B E:\abhi\oic\admin___16feb\test\icons\justify_center_on.gif <-- wildnet /wildnettechnologies/wwwroot/ClubOne/test/icons justify_center_on.gif
2007.02.16 11:58 B E:\abhi\oic\admin___16feb\test\icons\justify_left.gif <-- wildnet /wildnettechnologies/wwwroot/ClubOne/test/icons justify_left.gif
2007.02.16 11:58 B E:\abhi\oic\admin___16feb\test\icons\justify_left_on.gif <-- wildnet /wildnettechnologies/wwwroot/ClubOne/test/icons justify_left_on.gif
2007.02.16 11:58 B E:\abhi\oic\admin___16feb\test\icons\justify_right.gif <-- wildnet /wildnettechnologies/wwwroot/ClubOne/test/icons justify_right.gif
2007.02.16 11:58 B E:\abhi\oic\admin___16feb\test\icons\justify_right_on.gif <-- wildnet /wildnettechnologies/wwwroot/ClubOne/test/icons justify_right_on.gif
2007.02.16 11:58 B E:\abhi\oic\admin___16feb\test\icons\list_ordered.gif <-- wildnet /wildnettechnologies/wwwroot/ClubOne/test/icons list_ordered.gif
2007.02.16 11:58 B E:\abhi\oic\admin___16feb\test\icons\list_ordered_on.gif <-- wildnet /wildnettechnologies/wwwroot/ClubOne/test/icons list_ordered_on.gif
2007.02.16 11:58 B E:\abhi\oic\admin___16feb\test\icons\list_unordered.gif <-- wildnet /wildnettechnologies/wwwroot/ClubOne/test/icons list_unordered.gif
2007.02.16 11:58 B E:\abhi\oic\admin___16feb\test\icons\list_unordered_on.gif <-- wildnet /wildnettechnologies/wwwroot/ClubOne/test/icons list_unordered_on.gif
2007.02.16 11:58 B E:\abhi\oic\admin___16feb\test\icons\logo.gif <-- wildnet /wildnettechnologies/wwwroot/ClubOne/test/icons logo.gif
2007.02.16 11:58 B E:\abhi\oic\admin___16feb\test\icons\paste.gif <-- wildnet /wildnettechnologies/wwwroot/ClubOne/test/icons paste.gif
2007.02.16 11:58 B E:\abhi\oic\admin___16feb\test\icons\paste_on.gif <-- wildnet /wildnettechnologies/wwwroot/ClubOne/test/icons paste_on.gif
2007.02.16 11:58 B E:\abhi\oic\admin___16feb\test\icons\redo.gif <-- wildnet /wildnettechnologies/wwwroot/ClubOne/test/icons redo.gif
2007.02.16 11:58 B E:\abhi\oic\admin___16feb\test\icons\redo_on.gif <-- wildnet /wildnettechnologies/wwwroot/ClubOne/test/icons redo_on.gif
2007.02.16 11:58 B E:\abhi\oic\admin___16feb\test\icons\select_font.gif <-- wildnet /wildnettechnologies/wwwroot/ClubOne/test/icons select_font.gif
2007.02.16 11:58 B E:\abhi\oic\admin___16feb\test\icons\select_font_on.gif <-- wildnet /wildnettechnologies/wwwroot/ClubOne/test/icons select_font_on.gif
2007.02.16 11:58 B E:\abhi\oic\admin___16feb\test\icons\select_size.gif <-- wildnet /wildnettechnologies/wwwroot/ClubOne/test/icons select_size.gif
2007.02.16 11:58 B E:\abhi\oic\admin___16feb\test\icons\select_size_on.gif <-- wildnet /wildnettechnologies/wwwroot/ClubOne/test/icons select_size_on.gif
2007.02.16 11:58 B E:\abhi\oic\admin___16feb\test\icons\seperator.gif <-- wildnet /wildnettechnologies/wwwroot/ClubOne/test/icons seperator.gif
2007.02.16 11:58 B E:\abhi\oic\admin___16feb\test\icons\seperator2.gif <-- wildnet /wildnettechnologies/wwwroot/ClubOne/test/icons seperator2.gif
2007.02.16 11:58 B E:\abhi\oic\admin___16feb\test\icons\strikethrough.gif <-- wildnet /wildnettechnologies/wwwroot/ClubOne/test/icons strikethrough.gif
2007.02.16 11:58 B E:\abhi\oic\admin___16feb\test\icons\strikethrough_on.gif <-- wildnet /wildnettechnologies/wwwroot/ClubOne/test/icons strikethrough_on.gif
2007.02.16 11:58 B E:\abhi\oic\admin___16feb\test\icons\subscript.gif <-- wildnet /wildnettechnologies/wwwroot/ClubOne/test/icons subscript.gif
2007.02.16 11:58 B E:\abhi\oic\admin___16feb\test\icons\subscript_on.gif <-- wildnet /wildnettechnologies/wwwroot/ClubOne/test/icons subscript_on.gif
2007.02.16 11:58 B E:\abhi\oic\admin___16feb\test\icons\superscript.gif <-- wildnet /wildnettechnologies/wwwroot/ClubOne/test/icons superscript.gif
2007.02.16 11:58 B E:\abhi\oic\admin___16feb\test\icons\superscript_on.gif <-- wildnet /wildnettechnologies/wwwroot/ClubOne/test/icons superscript_on.gif
2007.02.16 11:59 B E:\abhi\oic\admin___16feb\test\icons\Thumbs.db <-- wildnet /wildnettechnologies/wwwroot/ClubOne/test/icons Thumbs.db
2007.02.16 11:59 B E:\abhi\oic\admin___16feb\test\icons\underline.gif <-- wildnet /wildnettechnologies/wwwroot/ClubOne/test/icons underline.gif
2007.02.16 11:59 B E:\abhi\oic\admin___16feb\test\icons\underline_on.gif <-- wildnet /wildnettechnologies/wwwroot/ClubOne/test/icons underline_on.gif
2007.02.16 11:59 B E:\abhi\oic\admin___16feb\test\icons\undo.gif <-- wildnet /wildnettechnologies/wwwroot/ClubOne/test/icons undo.gif
2007.02.16 11:59 B E:\abhi\oic\admin___16feb\test\icons\undo_on.gif <-- wildnet /wildnettechnologies/wwwroot/ClubOne/test/icons undo_on.gif
2007.02.16 11:59 B E:\abhi\oic\admin___16feb\test\icons\view_source.gif <-- wildnet /wildnettechnologies/wwwroot/ClubOne/test/icons view_source.gif
2007.02.16 11:59 B E:\abhi\oic\admin___16feb\test\icons\view_source_on.gif <-- wildnet /wildnettechnologies/wwwroot/ClubOne/test/icons view_source_on.gif
2007.02.16 11:59 B E:\abhi\oic\admin___16feb\test\icons\view_text.gif <-- wildnet /wildnettechnologies/wwwroot/ClubOne/test/icons view_text.gif
2007.02.16 11:59 B E:\abhi\oic\admin___16feb\test\icons\view_text_on.gif <-- wildnet /wildnettechnologies/wwwroot/ClubOne/test/icons view_text_on.gif
2007.02.16 12:32 B E:\abhi\oic\admin\icons\backcolor.gif --> www.hergame2.com /hergame/oic/admin/icons backcolor.gif
2007.02.16 12:32 B E:\abhi\oic\admin\icons\backcolor_on.gif --> www.hergame2.com /hergame/oic/admin/icons backcolor_on.gif
2007.02.16 12:32 B E:\abhi\oic\admin\icons\background_silver.jpg --> www.hergame2.com /hergame/oic/admin/icons background_silver.jpg
2007.02.16 12:32 B E:\abhi\oic\admin\icons\bold.gif --> www.hergame2.com /hergame/oic/admin/icons bold.gif
2007.02.16 12:32 B E:\abhi\oic\admin\icons\bold_on.gif --> www.hergame2.com /hergame/oic/admin/icons bold_on.gif
2007.02.16 12:32 B E:\abhi\oic\admin\icons\copy.gif --> www.hergame2.com /hergame/oic/admin/icons copy.gif
2007.02.16 12:32 B E:\abhi\oic\admin\icons\copy_on.gif --> www.hergame2.com /hergame/oic/admin/icons copy_on.gif
2007.02.16 12:32 B E:\abhi\oic\admin\icons\cut.gif --> www.hergame2.com /hergame/oic/admin/icons cut.gif
2007.02.16 12:32 B E:\abhi\oic\admin\icons\cut_on.gif --> www.hergame2.com /hergame/oic/admin/icons cut_on.gif
2007.02.16 12:32 B E:\abhi\oic\admin\icons\forecolor.gif --> www.hergame2.com /hergame/oic/admin/icons forecolor.gif
2007.02.16 12:32 B E:\abhi\oic\admin\icons\forecolor_on.gif --> www.hergame2.com /hergame/oic/admin/icons forecolor_on.gif
2007.02.16 12:32 B E:\abhi\oic\admin\icons\help.gif --> www.hergame2.com /hergame/oic/admin/icons help.gif
2007.02.16 12:33 B E:\abhi\oic\admin\icons\help_on.gif --> www.hergame2.com /hergame/oic/admin/icons help_on.gif
2007.02.16 12:33 B E:\abhi\oic\admin\icons\indent_left.gif --> www.hergame2.com /hergame/oic/admin/icons indent_left.gif
2007.02.16 12:33 B E:\abhi\oic\admin\icons\indent_left_on.gif --> www.hergame2.com /hergame/oic/admin/icons indent_left_on.gif
2007.02.16 12:33 B E:\abhi\oic\admin\icons\indent_right.gif --> www.hergame2.com /hergame/oic/admin/icons indent_right.gif
2007.02.16 12:33 B E:\abhi\oic\admin\icons\indent_right_on.gif --> www.hergame2.com /hergame/oic/admin/icons indent_right_on.gif
2007.02.16 12:33 B E:\abhi\oic\admin\icons\insert_hyperlink.gif --> www.hergame2.com /hergame/oic/admin/icons insert_hyperlink.gif
2007.02.16 12:33 B E:\abhi\oic\admin\icons\insert_hyperlink_on.gif --> www.hergame2.com /hergame/oic/admin/icons insert_hyperlink_on.gif
2007.02.16 12:33 B E:\abhi\oic\admin\icons\insert_picture.gif --> www.hergame2.com /hergame/oic/admin/icons insert_picture.gif
2007.02.16 12:33 B E:\abhi\oic\admin\icons\insert_picture_on.gif --> www.hergame2.com /hergame/oic/admin/icons insert_picture_on.gif
2007.02.16 12:33 B E:\abhi\oic\admin\icons\insert_table.gif --> www.hergame2.com /hergame/oic/admin/icons insert_table.gif
2007.02.16 12:33 B E:\abhi\oic\admin\icons\insert_table_on.gif --> www.hergame2.com /hergame/oic/admin/icons insert_table_on.gif
2007.02.16 12:33 B E:\abhi\oic\admin\icons\italics.gif --> www.hergame2.com /hergame/oic/admin/icons italics.gif
2007.02.16 12:33 B E:\abhi\oic\admin\icons\italics_on.gif --> www.hergame2.com /hergame/oic/admin/icons italics_on.gif
2007.02.16 12:33 B E:\abhi\oic\admin\icons\justify_center.gif --> www.hergame2.com /hergame/oic/admin/icons justify_center.gif
2007.02.16 12:33 B E:\abhi\oic\admin\icons\justify_center_on.gif --> www.hergame2.com /hergame/oic/admin/icons justify_center_on.gif
2007.02.16 12:33 B E:\abhi\oic\admin\icons\justify_left.gif --> www.hergame2.com /hergame/oic/admin/icons justify_left.gif
2007.02.16 12:33 B E:\abhi\oic\admin\icons\justify_left_on.gif --> www.hergame2.com /hergame/oic/admin/icons justify_left_on.gif
2007.02.16 12:33 B E:\abhi\oic\admin\icons\justify_right.gif --> www.hergame2.com /hergame/oic/admin/icons justify_right.gif
2007.02.16 12:33 B E:\abhi\oic\admin\icons\justify_right_on.gif --> www.hergame2.com /hergame/oic/admin/icons justify_right_on.gif
2007.02.16 12:33 B E:\abhi\oic\admin\icons\list_ordered.gif --> www.hergame2.com /hergame/oic/admin/icons list_ordered.gif
2007.02.16 12:33 B E:\abhi\oic\admin\icons\list_ordered_on.gif --> www.hergame2.com /hergame/oic/admin/icons list_ordered_on.gif
2007.02.16 12:33 B E:\abhi\oic\admin\icons\list_unordered.gif --> www.hergame2.com /hergame/oic/admin/icons list_unordered.gif
2007.02.16 12:33 B E:\abhi\oic\admin\icons\list_unordered_on.gif --> www.hergame2.com /hergame/oic/admin/icons list_unordered_on.gif
2007.02.16 12:33 B E:\abhi\oic\admin\icons\logo.gif --> www.hergame2.com /hergame/oic/admin/icons logo.gif
2007.02.16 12:33 B E:\abhi\oic\admin\icons\paste.gif --> www.hergame2.com /hergame/oic/admin/icons paste.gif
2007.02.16 12:33 B E:\abhi\oic\admin\icons\paste_on.gif --> www.hergame2.com /hergame/oic/admin/icons paste_on.gif
2007.02.16 12:33 B E:\abhi\oic\admin\icons\redo.gif --> www.hergame2.com /hergame/oic/admin/icons redo.gif
2007.02.16 12:33 B E:\abhi\oic\admin\icons\redo_on.gif --> www.hergame2.com /hergame/oic/admin/icons redo_on.gif
2007.02.16 12:33 B E:\abhi\oic\admin\icons\select_font.gif --> www.hergame2.com /hergame/oic/admin/icons select_font.gif
2007.02.16 12:33 B E:\abhi\oic\admin\icons\select_font_on.gif --> www.hergame2.com /hergame/oic/admin/icons select_font_on.gif
2007.02.16 12:33 B E:\abhi\oic\admin\icons\select_size.gif --> www.hergame2.com /hergame/oic/admin/icons select_size.gif
2007.02.16 12:33 B E:\abhi\oic\admin\icons\select_size_on.gif --> www.hergame2.com /hergame/oic/admin/icons select_size_on.gif
2007.02.16 12:33 B E:\abhi\oic\admin\icons\seperator.gif --> www.hergame2.com /hergame/oic/admin/icons seperator.gif
2007.02.16 12:34 B E:\abhi\oic\admin\icons\seperator2.gif --> www.hergame2.com /hergame/oic/admin/icons seperator2.gif
2007.02.16 12:34 B E:\abhi\oic\admin\icons\strikethrough.gif --> www.hergame2.com /hergame/oic/admin/icons strikethrough.gif
2007.02.16 12:34 B E:\abhi\oic\admin\icons\strikethrough_on.gif --> www.hergame2.com /hergame/oic/admin/icons strikethrough_on.gif
2007.02.16 12:34 B E:\abhi\oic\admin\icons\subscript.gif --> www.hergame2.com /hergame/oic/admin/icons subscript.gif
2007.02.16 12:34 B E:\abhi\oic\admin\icons\subscript_on.gif --> www.hergame2.com /hergame/oic/admin/icons subscript_on.gif
2007.02.16 12:34 B E:\abhi\oic\admin\icons\superscript.gif --> www.hergame2.com /hergame/oic/admin/icons superscript.gif
2007.02.16 12:34 B E:\abhi\oic\admin\icons\superscript_on.gif --> www.hergame2.com /hergame/oic/admin/icons superscript_on.gif
2007.02.16 12:34 B E:\abhi\oic\admin\icons\Thumbs.db --> www.hergame2.com /hergame/oic/admin/icons Thumbs.db
2007.02.16 12:34 B E:\abhi\oic\admin\icons\underline.gif --> www.hergame2.com /hergame/oic/admin/icons underline.gif
2007.02.16 12:34 B E:\abhi\oic\admin\icons\underline_on.gif --> www.hergame2.com /hergame/oic/admin/icons underline_on.gif
2007.02.16 12:34 B E:\abhi\oic\admin\icons\undo.gif --> www.hergame2.com /hergame/oic/admin/icons undo.gif
2007.02.16 12:34 B E:\abhi\oic\admin\icons\undo_on.gif --> www.hergame2.com /hergame/oic/admin/icons undo_on.gif
2007.02.16 12:34 B E:\abhi\oic\admin\icons\view_source.gif --> www.hergame2.com /hergame/oic/admin/icons view_source.gif
2007.02.16 12:34 B E:\abhi\oic\admin\icons\view_source_on.gif --> www.hergame2.com /hergame/oic/admin/icons view_source_on.gif
2007.02.16 12:34 B E:\abhi\oic\admin\icons\view_text.gif --> www.hergame2.com /hergame/oic/admin/icons view_text.gif
2007.02.16 12:34 B E:\abhi\oic\admin\icons\view_text_on.gif --> www.hergame2.com /hergame/oic/admin/icons view_text_on.gif
2007.02.16 12:34 B E:\abhi\oic\admin\icons\WS_FTP.LOG --> www.hergame2.com /hergame/oic/admin/icons WS_FTP.LOG
2007.02.16 12:58 B E:\abhi\aaaa\admin\icons\backcolor.gif --> www.hergame2.com /hergame/aaaa/admin/icons backcolor.gif
2007.02.16 12:58 B E:\abhi\aaaa\admin\icons\backcolor_on.gif --> www.hergame2.com /hergame/aaaa/admin/icons backcolor_on.gif
2007.02.16 12:58 B E:\abhi\aaaa\admin\icons\background_silver.jpg --> www.hergame2.com /hergame/aaaa/admin/icons background_silver.jpg
2007.02.16 12:58 B E:\abhi\aaaa\admin\icons\bold.gif --> www.hergame2.com /hergame/aaaa/admin/icons bold.gif
2007.02.16 12:58 B E:\abhi\aaaa\admin\icons\bold_on.gif --> www.hergame2.com /hergame/aaaa/admin/icons bold_on.gif
2007.02.16 12:58 B E:\abhi\aaaa\admin\icons\copy.gif --> www.hergame2.com /hergame/aaaa/admin/icons copy.gif
2007.02.16 12:58 B E:\abhi\aaaa\admin\icons\copy_on.gif --> www.hergame2.com /hergame/aaaa/admin/icons copy_on.gif
2007.02.16 12:59 B E:\abhi\aaaa\admin\icons\cut.gif --> www.hergame2.com /hergame/aaaa/admin/icons cut.gif
2007.02.16 12:59 B E:\abhi\aaaa\admin\icons\cut_on.gif --> www.hergame2.com /hergame/aaaa/admin/icons cut_on.gif
2007.02.16 12:59 B E:\abhi\aaaa\admin\icons\forecolor.gif --> www.hergame2.com /hergame/aaaa/admin/icons forecolor.gif
2007.02.16 12:59 B E:\abhi\aaaa\admin\icons\forecolor_on.gif --> www.hergame2.com /hergame/aaaa/admin/icons forecolor_on.gif
2007.02.16 12:59 B E:\abhi\aaaa\admin\icons\help.gif --> www.hergame2.com /hergame/aaaa/admin/icons help.gif
2007.02.16 12:59 B E:\abhi\aaaa\admin\icons\help_on.gif --> www.hergame2.com /hergame/aaaa/admin/icons help_on.gif
2007.02.16 12:59 B E:\abhi\aaaa\admin\icons\indent_left.gif --> www.hergame2.com /hergame/aaaa/admin/icons indent_left.gif
2007.02.16 12:59 B E:\abhi\aaaa\admin\icons\indent_left_on.gif --> www.hergame2.com /hergame/aaaa/admin/icons indent_left_on.gif
2007.02.16 12:59 B E:\abhi\aaaa\admin\icons\indent_right.gif --> www.hergame2.com /hergame/aaaa/admin/icons indent_right.gif
2007.02.16 12:59 B E:\abhi\aaaa\admin\icons\indent_right_on.gif --> www.hergame2.com /hergame/aaaa/admin/icons indent_right_on.gif
2007.02.16 12:59 B E:\abhi\aaaa\admin\icons\insert_hyperlink.gif --> www.hergame2.com /hergame/aaaa/admin/icons insert_hyperlink.gif
2007.02.16 12:59 B E:\abhi\aaaa\admin\icons\insert_hyperlink_on.gif --> www.hergame2.com /hergame/aaaa/admin/icons insert_hyperlink_on.gif
2007.02.16 12:59 B E:\abhi\aaaa\admin\icons\insert_picture.gif --> www.hergame2.com /hergame/aaaa/admin/icons insert_picture.gif
2007.02.16 12:59 B E:\abhi\aaaa\admin\icons\insert_picture_on.gif --> www.hergame2.com /hergame/aaaa/admin/icons insert_picture_on.gif
2007.02.16 12:59 B E:\abhi\aaaa\admin\icons\insert_table.gif --> www.hergame2.com /hergame/aaaa/admin/icons insert_table.gif
2007.02.16 12:59 B E:\abhi\aaaa\admin\icons\insert_table_on.gif --> www.hergame2.com /hergame/aaaa/admin/icons insert_table_on.gif
2007.02.16 12:59 B E:\abhi\aaaa\admin\icons\italics.gif --> www.hergame2.com /hergame/aaaa/admin/icons italics.gif
2007.02.16 12:59 B E:\abhi\aaaa\admin\icons\italics_on.gif --> www.hergame2.com /hergame/aaaa/admin/icons italics_on.gif
2007.02.16 12:59 B E:\abhi\aaaa\admin\icons\justify_center.gif --> www.hergame2.com /hergame/aaaa/admin/icons justify_center.gif
2007.02.16 12:59 B E:\abhi\aaaa\admin\icons\justify_center_on.gif --> www.hergame2.com /hergame/aaaa/admin/icons justify_center_on.gif
2007.02.16 12:59 B E:\abhi\aaaa\admin\icons\justify_left.gif --> www.hergame2.com /hergame/aaaa/admin/icons justify_left.gif
2007.02.16 12:59 B E:\abhi\aaaa\admin\icons\justify_left_on.gif --> www.hergame2.com /hergame/aaaa/admin/icons justify_left_on.gif
2007.02.16 13:00 B E:\abhi\aaaa\admin\icons\justify_right.gif --> www.hergame2.com /hergame/aaaa/admin/icons justify_right.gif
2007.02.16 13:00 B E:\abhi\aaaa\admin\icons\justify_right_on.gif --> www.hergame2.com /hergame/aaaa/admin/icons justify_right_on.gif
2007.02.16 13:00 B E:\abhi\aaaa\admin\icons\list_ordered.gif --> www.hergame2.com /hergame/aaaa/admin/icons list_ordered.gif
2007.02.16 13:00 B E:\abhi\aaaa\admin\icons\list_ordered_on.gif --> www.hergame2.com /hergame/aaaa/admin/icons list_ordered_on.gif
2007.02.16 13:00 B E:\abhi\aaaa\admin\icons\list_unordered.gif --> www.hergame2.com /hergame/aaaa/admin/icons list_unordered.gif
2007.02.16 13:00 B E:\abhi\aaaa\admin\icons\list_unordered_on.gif --> www.hergame2.com /hergame/aaaa/admin/icons list_unordered_on.gif
2007.02.16 13:00 B E:\abhi\aaaa\admin\icons\logo.gif --> www.hergame2.com /hergame/aaaa/admin/icons logo.gif
2007.02.16 13:00 B E:\abhi\aaaa\admin\icons\paste.gif --> www.hergame2.com /hergame/aaaa/admin/icons paste.gif
2007.02.16 13:00 B E:\abhi\aaaa\admin\icons\paste_on.gif --> www.hergame2.com /hergame/aaaa/admin/icons paste_on.gif
2007.02.16 13:00 B E:\abhi\aaaa\admin\icons\redo.gif --> www.hergame2.com /hergame/aaaa/admin/icons redo.gif
2007.02.16 13:00 B E:\abhi\aaaa\admin\icons\redo_on.gif --> www.hergame2.com /hergame/aaaa/admin/icons redo_on.gif
2007.02.16 13:00 B E:\abhi\aaaa\admin\icons\select_font.gif --> www.hergame2.com /hergame/aaaa/admin/icons select_font.gif
2007.02.16 13:00 B E:\abhi\aaaa\admin\icons\select_font_on.gif --> www.hergame2.com /hergame/aaaa/admin/icons select_font_on.gif
2007.02.16 13:00 B E:\abhi\aaaa\admin\icons\select_size.gif --> www.hergame2.com /hergame/aaaa/admin/icons select_size.gif
2007.02.16 13:00 B E:\abhi\aaaa\admin\icons\select_size_on.gif --> www.hergame2.com /hergame/aaaa/admin/icons select_size_on.gif
2007.02.16 13:00 B E:\abhi\aaaa\admin\icons\seperator.gif --> www.hergame2.com /hergame/aaaa/admin/icons seperator.gif
2007.02.16 13:00 B E:\abhi\aaaa\admin\icons\seperator2.gif --> www.hergame2.com /hergame/aaaa/admin/icons seperator2.gif
2007.02.16 13:00 B E:\abhi\aaaa\admin\icons\strikethrough.gif --> www.hergame2.com /hergame/aaaa/admin/icons strikethrough.gif
2007.02.16 13:00 B E:\abhi\aaaa\admin\icons\strikethrough_on.gif --> www.hergame2.com /hergame/aaaa/admin/icons strikethrough_on.gif
2007.02.16 13:00 B E:\abhi\aaaa\admin\icons\subscript.gif --> www.hergame2.com /hergame/aaaa/admin/icons subscript.gif
2007.02.16 13:00 B E:\abhi\aaaa\admin\icons\subscript_on.gif --> www.hergame2.com /hergame/aaaa/admin/icons subscript_on.gif
2007.02.16 13:00 B E:\abhi\aaaa\admin\icons\superscript.gif --> www.hergame2.com /hergame/aaaa/admin/icons superscript.gif
2007.02.16 13:00 B E:\abhi\aaaa\admin\icons\superscript_on.gif --> www.hergame2.com /hergame/aaaa/admin/icons superscript_on.gif
2007.02.16 13:01 B E:\abhi\aaaa\admin\icons\Thumbs.db --> www.hergame2.com /hergame/aaaa/admin/icons Thumbs.db
2007.02.16 13:01 B E:\abhi\aaaa\admin\icons\underline.gif --> www.hergame2.com /hergame/aaaa/admin/icons underline.gif
2007.02.16 13:01 B E:\abhi\aaaa\admin\icons\underline_on.gif --> www.hergame2.com /hergame/aaaa/admin/icons underline_on.gif
2007.02.16 13:01 B E:\abhi\aaaa\admin\icons\undo.gif --> www.hergame2.com /hergame/aaaa/admin/icons undo.gif
2007.02.16 13:01 B E:\abhi\aaaa\admin\icons\undo_on.gif --> www.hergame2.com /hergame/aaaa/admin/icons undo_on.gif
2007.02.16 13:01 B E:\abhi\aaaa\admin\icons\view_source.gif --> www.hergame2.com /hergame/aaaa/admin/icons view_source.gif
2007.02.16 13:01 B E:\abhi\aaaa\admin\icons\view_source_on.gif --> www.hergame2.com /hergame/aaaa/admin/icons view_source_on.gif
2007.02.16 13:01 B E:\abhi\aaaa\admin\icons\view_text.gif --> www.hergame2.com /hergame/aaaa/admin/icons view_text.gif
2007.02.16 13:01 B E:\abhi\aaaa\admin\icons\view_text_on.gif --> www.hergame2.com /hergame/aaaa/admin/icons view_text_on.gif
2007.02.16 13:01 B E:\abhi\aaaa\admin\icons\WS_FTP.LOG --> www.hergame2.com /hergame/aaaa/admin/icons WS_FTP.LOG
2007.02.16 13:25 B E:\abhi\oic\admin\icons\backcolor.gif --> www.hergame2.com /hergame/oic/admin/icons backcolor.gif
2007.02.16 13:25 B E:\abhi\oic\admin\icons\backcolor_on.gif --> www.hergame2.com /hergame/oic/admin/icons backcolor_on.gif
2007.02.16 13:25 B E:\abhi\oic\admin\icons\background_silver.jpg --> www.hergame2.com /hergame/oic/admin/icons background_silver.jpg
2007.02.16 13:25 B E:\abhi\oic\admin\icons\bold.gif --> www.hergame2.com /hergame/oic/admin/icons bold.gif
2007.02.16 13:25 B E:\abhi\oic\admin\icons\bold_on.gif --> www.hergame2.com /hergame/oic/admin/icons bold_on.gif
2007.02.16 13:25 B E:\abhi\oic\admin\icons\copy.gif --> www.hergame2.com /hergame/oic/admin/icons copy.gif
2007.02.16 13:25 B E:\abhi\oic\admin\icons\copy_on.gif --> www.hergame2.com /hergame/oic/admin/icons copy_on.gif
2007.02.16 13:25 B E:\abhi\oic\admin\icons\cut.gif --> www.hergame2.com /hergame/oic/admin/icons cut.gif
2007.02.16 13:25 B E:\abhi\oic\admin\icons\cut_on.gif --> www.hergame2.com /hergame/oic/admin/icons cut_on.gif
2007.02.16 13:25 B E:\abhi\oic\admin\icons\forecolor.gif --> www.hergame2.com /hergame/oic/admin/icons forecolor.gif
2007.02.16 13:25 B E:\abhi\oic\admin\icons\forecolor_on.gif --> www.hergame2.com /hergame/oic/admin/icons forecolor_on.gif
2007.02.16 13:25 B E:\abhi\oic\admin\icons\help.gif --> www.hergame2.com /hergame/oic/admin/icons help.gif
2007.02.16 13:25 B E:\abhi\oic\admin\icons\help_on.gif --> www.hergame2.com /hergame/oic/admin/icons help_on.gif
2007.02.16 13:25 B E:\abhi\oic\admin\icons\indent_left.gif --> www.hergame2.com /hergame/oic/admin/icons indent_left.gif
2007.02.16 13:25 B E:\abhi\oic\admin\icons\indent_left_on.gif --> www.hergame2.com /hergame/oic/admin/icons indent_left_on.gif
2007.02.16 13:25 B E:\abhi\oic\admin\icons\indent_right.gif --> www.hergame2.com /hergame/oic/admin/icons indent_right.gif
2007.02.16 13:25 B E:\abhi\oic\admin\icons\indent_right_on.gif --> www.hergame2.com /hergame/oic/admin/icons indent_right_on.gif
2007.02.16 13:25 B E:\abhi\oic\admin\icons\insert_hyperlink.gif --> www.hergame2.com /hergame/oic/admin/icons insert_hyperlink.gif
2007.02.16 13:26 B E:\abhi\oic\admin\icons\insert_hyperlink_on.gif --> www.hergame2.com /hergame/oic/admin/icons insert_hyperlink_on.gif
2007.02.16 14:18 B E:\abhi\oic\admin\icons\insert_picture.gif --> www.hergame2.com /hergame/oic/admin/icons insert_picture.gif
2007.02.16 14:18 B E:\abhi\oic\admin\icons\insert_picture_on.gif --> www.hergame2.com /hergame/oic/admin/icons insert_picture_on.gif
2007.02.16 14:18 B E:\abhi\oic\admin\icons\insert_table.gif --> www.hergame2.com /hergame/oic/admin/icons insert_table.gif
2007.02.16 14:18 B E:\abhi\oic\admin\icons\insert_table_on.gif --> www.hergame2.com /hergame/oic/admin/icons insert_table_on.gif
2007.02.16 14:18 B E:\abhi\oic\admin\icons\italics.gif --> www.hergame2.com /hergame/oic/admin/icons italics.gif
2007.02.16 14:19 B E:\abhi\oic\admin\icons\italics_on.gif --> www.hergame2.com /hergame/oic/admin/icons italics_on.gif
2007.02.16 14:19 B E:\abhi\oic\admin\icons\justify_center.gif --> www.hergame2.com /hergame/oic/admin/icons justify_center.gif
2007.02.16 14:19 B E:\abhi\oic\admin\icons\justify_center_on.gif --> www.hergame2.com /hergame/oic/admin/icons justify_center_on.gif
2007.02.16 14:19 B E:\abhi\oic\admin\icons\justify_left.gif --> www.hergame2.com /hergame/oic/admin/icons justify_left.gif
2007.02.16 14:19 B E:\abhi\oic\admin\icons\justify_left_on.gif --> www.hergame2.com /hergame/oic/admin/icons justify_left_on.gif
2007.02.16 14:19 B E:\abhi\oic\admin\icons\justify_right.gif --> www.hergame2.com /hergame/oic/admin/icons justify_right.gif
2007.02.16 14:19 B E:\abhi\oic\admin\icons\justify_right_on.gif --> www.hergame2.com /hergame/oic/admin/icons justify_right_on.gif
2007.02.16 14:19 B E:\abhi\oic\admin\icons\list_ordered.gif --> www.hergame2.com /hergame/oic/admin/icons list_ordered.gif
2007.02.16 14:19 B E:\abhi\oic\admin\icons\list_ordered_on.gif --> www.hergame2.com /hergame/oic/admin/icons list_ordered_on.gif
2007.02.16 14:19 B E:\abhi\oic\admin\icons\list_unordered.gif --> www.hergame2.com /hergame/oic/admin/icons list_unordered.gif
2007.02.16 14:19 B E:\abhi\oic\admin\icons\list_unordered_on.gif --> www.hergame2.com /hergame/oic/admin/icons list_unordered_on.gif
2007.02.16 14:19 B E:\abhi\oic\admin\icons\logo.gif --> www.hergame2.com /hergame/oic/admin/icons logo.gif
2007.02.16 14:19 B E:\abhi\oic\admin\icons\paste.gif --> www.hergame2.com /hergame/oic/admin/icons paste.gif
2007.02.16 14:19 B E:\abhi\oic\admin\icons\paste_on.gif --> www.hergame2.com /hergame/oic/admin/icons paste_on.gif
2007.02.16 14:19 B E:\abhi\oic\admin\icons\redo.gif --> www.hergame2.com /hergame/oic/admin/icons redo.gif
2007.02.16 14:19 B E:\abhi\oic\admin\icons\redo_on.gif --> www.hergame2.com /hergame/oic/admin/icons redo_on.gif
2007.02.16 14:19 B E:\abhi\oic\admin\icons\select_font.gif --> www.hergame2.com /hergame/oic/admin/icons select_font.gif
2007.02.16 14:19 B E:\abhi\oic\admin\icons\select_font_on.gif --> www.hergame2.com /hergame/oic/admin/icons select_font_on.gif
2007.02.16 14:19 B E:\abhi\oic\admin\icons\select_size.gif --> www.hergame2.com /hergame/oic/admin/icons select_size.gif
2007.02.16 14:19 B E:\abhi\oic\admin\icons\select_size_on.gif --> www.hergame2.com /hergame/oic/admin/icons select_size_on.gif
2007.02.16 14:19 B E:\abhi\oic\admin\icons\seperator.gif --> www.hergame2.com /hergame/oic/admin/icons seperator.gif
2007.02.16 14:19 B E:\abhi\oic\admin\icons\seperator2.gif --> www.hergame2.com /hergame/oic/admin/icons seperator2.gif
2007.02.16 14:19 B E:\abhi\oic\admin\icons\strikethrough.gif --> www.hergame2.com /hergame/oic/admin/icons strikethrough.gif
2007.02.16 14:19 B E:\abhi\oic\admin\icons\strikethrough_on.gif --> www.hergame2.com /hergame/oic/admin/icons strikethrough_on.gif
2007.02.16 14:19 B E:\abhi\oic\admin\icons\subscript.gif --> www.hergame2.com /hergame/oic/admin/icons subscript.gif
2007.02.16 14:19 B E:\abhi\oic\admin\icons\subscript_on.gif --> www.hergame2.com /hergame/oic/admin/icons subscript_on.gif
2007.02.16 14:19 B E:\abhi\oic\admin\icons\superscript.gif --> www.hergame2.com /hergame/oic/admin/icons superscript.gif
2007.02.16 14:19 B E:\abhi\oic\admin\icons\superscript_on.gif --> www.hergame2.com /hergame/oic/admin/icons superscript_on.gif
2007.02.16 14:19 B E:\abhi\oic\admin\icons\Thumbs.db --> www.hergame2.com /hergame/oic/admin/icons Thumbs.db
2007.02.16 14:19 B E:\abhi\oic\admin\icons\underline.gif --> www.hergame2.com /hergame/oic/admin/icons underline.gif
2007.02.16 14:19 B E:\abhi\oic\admin\icons\underline_on.gif --> www.hergame2.com /hergame/oic/admin/icons underline_on.gif
2007.02.16 14:19 B E:\abhi\oic\admin\icons\undo.gif --> www.hergame2.com /hergame/oic/admin/icons undo.gif
2007.02.16 14:19 B E:\abhi\oic\admin\icons\undo_on.gif --> www.hergame2.com /hergame/oic/admin/icons undo_on.gif
2007.02.16 14:19 B E:\abhi\oic\admin\icons\view_source.gif --> www.hergame2.com /hergame/oic/admin/icons view_source.gif
2007.02.16 14:19 B E:\abhi\oic\admin\icons\view_source_on.gif --> www.hergame2.com /hergame/oic/admin/icons view_source_on.gif
2007.02.16 14:20 B E:\abhi\oic\admin\icons\view_text.gif --> www.hergame2.com /hergame/oic/admin/icons view_text.gif
2007.02.16 14:20 B E:\abhi\oic\admin\icons\view_text_on.gif --> www.hergame2.com /hergame/oic/admin/icons view_text_on.gif
2007.02.16 14:20 B E:\abhi\oic\admin\icons\WS_FTP.LOG --> www.hergame2.com /hergame/oic/admin/icons WS_FTP.LOG
2007.02.16 16:31 B E:\abhi\oic\admin\icons\WS_FTP.LOG --> www.hergame2.com /hergame/oic/admin/icons WS_FTP.LOG
2007.02.16 17:37 B E:\abhi\test\admin\icons\backcolor.gif --> wildnettechnologies.com /wildnettechnologies/wwwroot/ClubOne/test/admin/icons backcolor.gif
2007.02.16 17:37 B E:\abhi\test\admin\icons\backcolor_on.gif --> wildnettechnologies.com /wildnettechnologies/wwwroot/ClubOne/test/admin/icons backcolor_on.gif
2007.02.16 17:37 B E:\abhi\test\admin\icons\background_silver.jpg --> wildnettechnologies.com /wildnettechnologies/wwwroot/ClubOne/test/admin/icons background_silver.jpg
2007.02.16 17:37 B E:\abhi\test\admin\icons\bold.gif --> wildnettechnologies.com /wildnettechnologies/wwwroot/ClubOne/test/admin/icons bold.gif
2007.02.16 17:37 B E:\abhi\test\admin\icons\bold_on.gif --> wildnettechnologies.com /wildnettechnologies/wwwroot/ClubOne/test/admin/icons bold_on.gif
2007.02.16 17:37 B E:\abhi\test\admin\icons\copy.gif --> wildnettechnologies.com /wildnettechnologies/wwwroot/ClubOne/test/admin/icons copy.gif
2007.02.16 17:37 B E:\abhi\test\admin\icons\copy_on.gif --> wildnettechnologies.com /wildnettechnologies/wwwroot/ClubOne/test/admin/icons copy_on.gif
2007.02.16 17:38 B E:\abhi\test\admin\icons\cut.gif --> wildnettechnologies.com /wildnettechnologies/wwwroot/ClubOne/test/admin/icons cut.gif
2007.02.16 17:38 B E:\abhi\test\admin\icons\cut_on.gif --> wildnettechnologies.com /wildnettechnologies/wwwroot/ClubOne/test/admin/icons cut_on.gif
2007.02.16 17:38 B E:\abhi\test\admin\icons\forecolor.gif --> wildnettechnologies.com /wildnettechnologies/wwwroot/ClubOne/test/admin/icons forecolor.gif
2007.02.16 17:38 B E:\abhi\test\admin\icons\forecolor_on.gif --> wildnettechnologies.com /wildnettechnologies/wwwroot/ClubOne/test/admin/icons forecolor_on.gif
2007.02.16 17:38 B E:\abhi\test\admin\icons\help.gif --> wildnettechnologies.com /wildnettechnologies/wwwroot/ClubOne/test/admin/icons help.gif
2007.02.16 17:38 B E:\abhi\test\admin\icons\help_on.gif --> wildnettechnologies.com /wildnettechnologies/wwwroot/ClubOne/test/admin/icons help_on.gif
2007.02.16 17:38 B E:\abhi\test\admin\icons\indent_left.gif --> wildnettechnologies.com /wildnettechnologies/wwwroot/ClubOne/test/admin/icons indent_left.gif
2007.02.16 17:38 B E:\abhi\test\admin\icons\indent_left_on.gif --> wildnettechnologies.com /wildnettechnologies/wwwroot/ClubOne/test/admin/icons indent_left_on.gif
2007.02.16 17:38 B E:\abhi\test\admin\icons\indent_right.gif --> wildnettechnologies.com /wildnettechnologies/wwwroot/ClubOne/test/admin/icons indent_right.gif
2007.02.16 17:38 B E:\abhi\test\admin\icons\indent_right_on.gif --> wildnettechnologies.com /wildnettechnologies/wwwroot/ClubOne/test/admin/icons indent_right_on.gif
2007.02.16 17:38 B E:\abhi\test\admin\icons\insert_hyperlink.gif --> wildnettechnologies.com /wildnettechnologies/wwwroot/ClubOne/test/admin/icons insert_hyperlink.gif
2007.02.16 17:38 B E:\abhi\test\admin\icons\insert_hyperlink_on.gif --> wildnettechnologies.com /wildnettechnologies/wwwroot/ClubOne/test/admin/icons insert_hyperlink_on.gif
2007.02.16 17:38 B E:\abhi\test\admin\icons\insert_picture.gif --> wildnettechnologies.com /wildnettechnologies/wwwroot/ClubOne/test/admin/icons insert_picture.gif
2007.02.16 17:38 B E:\abhi\test\admin\icons\insert_picture_on.gif --> wildnettechnologies.com /wildnettechnologies/wwwroot/ClubOne/test/admin/icons insert_picture_on.gif
2007.02.16 17:38 B E:\abhi\test\admin\icons\insert_table.gif --> wildnettechnologies.com /wildnettechnologies/wwwroot/ClubOne/test/admin/icons insert_table.gif
2007.02.16 17:38 B E:\abhi\test\admin\icons\insert_table_on.gif --> wildnettechnologies.com /wildnettechnologies/wwwroot/ClubOne/test/admin/icons insert_table_on.gif
2007.02.16 17:38 B E:\abhi\test\admin\icons\italics.gif --> wildnettechnologies.com /wildnettechnologies/wwwroot/ClubOne/test/admin/icons italics.gif
2007.02.16 17:38 B E:\abhi\test\admin\icons\italics_on.gif --> wildnettechnologies.com /wildnettechnologies/wwwroot/ClubOne/test/admin/icons italics_on.gif
2007.02.16 17:38 B E:\abhi\test\admin\icons\justify_center.gif --> wildnettechnologies.com /wildnettechnologies/wwwroot/ClubOne/test/admin/icons justify_center.gif
2007.02.16 17:38 B E:\abhi\test\admin\icons\justify_center_on.gif --> wildnettechnologies.com /wildnettechnologies/wwwroot/ClubOne/test/admin/icons justify_center_on.gif
2007.02.16 17:38 B E:\abhi\test\admin\icons\justify_left.gif --> wildnettechnologies.com /wildnettechnologies/wwwroot/ClubOne/test/admin/icons justify_left.gif
2007.02.16 17:38 B E:\abhi\test\admin\icons\justify_left_on.gif --> wildnettechnologies.com /wildnettechnologies/wwwroot/ClubOne/test/admin/icons justify_left_on.gif
2007.02.16 17:38 B E:\abhi\test\admin\icons\justify_right.gif --> wildnettechnologies.com /wildnettechnologies/wwwroot/ClubOne/test/admin/icons justify_right.gif
2007.02.16 17:38 B E:\abhi\test\admin\icons\justify_right_on.gif --> wildnettechnologies.com /wildnettechnologies/wwwroot/ClubOne/test/admin/icons justify_right_on.gif
2007.02.16 17:38 B E:\abhi\test\admin\icons\list_ordered.gif --> wildnettechnologies.com /wildnettechnologies/wwwroot/ClubOne/test/admin/icons list_ordered.gif
2007.02.16 17:38 B E:\abhi\test\admin\icons\list_ordered_on.gif --> wildnettechnologies.com /wildnettechnologies/wwwroot/ClubOne/test/admin/icons list_ordered_on.gif
2007.02.16 17:38 B E:\abhi\test\admin\icons\list_unordered.gif --> wildnettechnologies.com /wildnettechnologies/wwwroot/ClubOne/test/admin/icons list_unordered.gif
2007.02.16 17:38 B E:\abhi\test\admin\icons\list_unordered_on.gif --> wildnettechnologies.com /wildnettechnologies/wwwroot/ClubOne/test/admin/icons list_unordered_on.gif
2007.02.16 17:38 B E:\abhi\test\admin\icons\logo.gif --> wildnettechnologies.com /wildnettechnologies/wwwroot/ClubOne/test/admin/icons logo.gif
2007.02.16 17:38 B E:\abhi\test\admin\icons\paste.gif --> wildnettechnologies.com /wildnettechnologies/wwwroot/ClubOne/test/admin/icons paste.gif
2007.02.16 17:38 B E:\abhi\test\admin\icons\paste_on.gif --> wildnettechnologies.com /wildnettechnologies/wwwroot/ClubOne/test/admin/icons paste_on.gif
2007.02.16 17:38 B E:\abhi\test\admin\icons\redo.gif --> wildnettechnologies.com /wildnettechnologies/wwwroot/ClubOne/test/admin/icons redo.gif
2007.02.16 17:38 B E:\abhi\test\admin\icons\redo_on.gif --> wildnettechnologies.com /wildnettechnologies/wwwroot/ClubOne/test/admin/icons redo_on.gif
2007.02.16 17:38 B E:\abhi\test\admin\icons\select_font.gif --> wildnettechnologies.com /wildnettechnologies/wwwroot/ClubOne/test/admin/icons select_font.gif
2007.02.16 17:38 B E:\abhi\test\admin\icons\select_font_on.gif --> wildnettechnologies.com /wildnettechnologies/wwwroot/ClubOne/test/admin/icons select_font_on.gif
2007.02.16 17:38 B E:\abhi\test\admin\icons\select_size.gif --> wildnettechnologies.com /wildnettechnologies/wwwroot/ClubOne/test/admin/icons select_size.gif
2007.02.16 17:39 B E:\abhi\test\admin\icons\select_size_on.gif --> wildnettechnologies.com /wildnettechnologies/wwwroot/ClubOne/test/admin/icons select_size_on.gif
2007.02.16 17:39 B E:\abhi\test\admin\icons\seperator.gif --> wildnettechnologies.com /wildnettechnologies/wwwroot/ClubOne/test/admin/icons seperator.gif
2007.02.16 17:39 B E:\abhi\test\admin\icons\seperator2.gif --> wildnettechnologies.com /wildnettechnologies/wwwroot/ClubOne/test/admin/icons seperator2.gif
2007.02.16 17:39 B E:\abhi\test\admin\icons\strikethrough.gif --> wildnettechnologies.com /wildnettechnologies/wwwroot/ClubOne/test/admin/icons strikethrough.gif
2007.02.16 17:39 B E:\abhi\test\admin\icons\strikethrough_on.gif --> wildnettechnologies.com /wildnettechnologies/wwwroot/ClubOne/test/admin/icons strikethrough_on.gif
2007.02.16 17:39 B E:\abhi\test\admin\icons\subscript.gif --> wildnettechnologies.com /wildnettechnologies/wwwroot/ClubOne/test/admin/icons subscript.gif
2007.02.16 17:39 B E:\abhi\test\admin\icons\subscript_on.gif --> wildnettechnologies.com /wildnettechnologies/wwwroot/ClubOne/test/admin/icons subscript_on.gif
2007.02.16 17:39 B E:\abhi\test\admin\icons\superscript.gif --> wildnettechnologies.com /wildnettechnologies/wwwroot/ClubOne/test/admin/icons superscript.gif
2007.02.16 17:39 B E:\abhi\test\admin\icons\superscript_on.gif --> wildnettechnologies.com /wildnettechnologies/wwwroot/ClubOne/test/admin/icons superscript_on.gif
2007.02.16 17:39 B E:\abhi\test\admin\icons\Thumbs.db --> wildnettechnologies.com /wildnettechnologies/wwwroot/ClubOne/test/admin/icons Thumbs.db
2007.02.16 17:39 B E:\abhi\test\admin\icons\underline.gif --> wildnettechnologies.com /wildnettechnologies/wwwroot/ClubOne/test/admin/icons underline.gif
2007.02.16 17:39 B E:\abhi\test\admin\icons\underline_on.gif --> wildnettechnologies.com /wildnettechnologies/wwwroot/ClubOne/test/admin/icons underline_on.gif
2007.02.16 17:39 B E:\abhi\test\admin\icons\undo.gif --> wildnettechnologies.com /wildnettechnologies/wwwroot/ClubOne/test/admin/icons undo.gif
2007.02.16 17:39 B E:\abhi\test\admin\icons\undo_on.gif --> wildnettechnologies.com /wildnettechnologies/wwwroot/ClubOne/test/admin/icons undo_on.gif
2007.02.16 17:39 B E:\abhi\test\admin\icons\view_source.gif --> wildnettechnologies.com /wildnettechnologies/wwwroot/ClubOne/test/admin/icons view_source.gif
2007.02.16 17:39 B E:\abhi\test\admin\icons\view_source_on.gif --> wildnettechnologies.com /wildnettechnologies/wwwroot/ClubOne/test/admin/icons view_source_on.gif
2007.02.16 17:39 B E:\abhi\test\admin\icons\view_text.gif --> wildnettechnologies.com /wildnettechnologies/wwwroot/ClubOne/test/admin/icons view_text.gif
2007.02.16 17:39 B E:\abhi\test\admin\icons\view_text_on.gif --> wildnettechnologies.com /wildnettechnologies/wwwroot/ClubOne/test/admin/icons view_text_on.gif
2007.02.17 11:49 B E:\OIC_17feb\test\admin\icons\WS_FTP.LOG <-- wildnet /wildnettechnologies/wwwroot/ClubOne/test/admin/icons WS_FTP.LOG
2007.02.17 12:17 B E:\OIC_17feb\test\admin\icons\WS_FTP.LOG --> wildnettechnologies.com /wildnettechnologies/wwwroot/ClubOne/test/admin/icons WS_FTP.LOG
2002.01.02 19:06 B D:\OIC\test\admin\icons\WS_FTP.LOG <-- wildnettechnologies.com /wildnettechnologies/wwwroot/ClubOne/test/admin/icons WS_FTP.LOG
2002.01.02 19:18 B D:\OIC\oic\admin\icons\backcolor.gif --> wildnettechnologies.com /wildnettechnologies/wwwroot/oic/admin/icons backcolor.gif
2002.01.02 19:18 B D:\OIC\oic\admin\icons\backcolor_on.gif --> wildnettechnologies.com /wildnettechnologies/wwwroot/oic/admin/icons backcolor_on.gif
2002.01.02 19:18 B D:\OIC\oic\admin\icons\background_silver.jpg --> wildnettechnologies.com /wildnettechnologies/wwwroot/oic/admin/icons background_silver.jpg
2002.01.02 19:18 B D:\OIC\oic\admin\icons\bold.gif --> wildnettechnologies.com /wildnettechnologies/wwwroot/oic/admin/icons bold.gif
2002.01.02 19:18 B D:\OIC\oic\admin\icons\bold_on.gif --> wildnettechnologies.com /wildnettechnologies/wwwroot/oic/admin/icons bold_on.gif
2002.01.02 19:18 B D:\OIC\oic\admin\icons\copy.gif --> wildnettechnologies.com /wildnettechnologies/wwwroot/oic/admin/icons copy.gif
2002.01.02 19:18 B D:\OIC\oic\admin\icons\copy_on.gif --> wildnettechnologies.com /wildnettechnologies/wwwroot/oic/admin/icons copy_on.gif
2002.01.02 19:18 B D:\OIC\oic\admin\icons\cut.gif --> wildnettechnologies.com /wildnettechnologies/wwwroot/oic/admin/icons cut.gif
2002.01.02 19:18 B D:\OIC\oic\admin\icons\cut_on.gif --> wildnettechnologies.com /wildnettechnologies/wwwroot/oic/admin/icons cut_on.gif
2002.01.02 19:18 B D:\OIC\oic\admin\icons\forecolor.gif --> wildnettechnologies.com /wildnettechnologies/wwwroot/oic/admin/icons forecolor.gif
2002.01.02 19:18 B D:\OIC\oic\admin\icons\forecolor_on.gif --> wildnettechnologies.com /wildnettechnologies/wwwroot/oic/admin/icons forecolor_on.gif
2002.01.02 19:18 B D:\OIC\oic\admin\icons\help.gif --> wildnettechnologies.com /wildnettechnologies/wwwroot/oic/admin/icons help.gif
2002.01.02 19:18 B D:\OIC\oic\admin\icons\help_on.gif --> wildnettechnologies.com /wildnettechnologies/wwwroot/oic/admin/icons help_on.gif
2002.01.02 19:18 B D:\OIC\oic\admin\icons\indent_left.gif --> wildnettechnologies.com /wildnettechnologies/wwwroot/oic/admin/icons indent_left.gif
2002.01.02 19:18 B D:\OIC\oic\admin\icons\indent_left_on.gif --> wildnettechnologies.com /wildnettechnologies/wwwroot/oic/admin/icons indent_left_on.gif
2002.01.02 19:18 B D:\OIC\oic\admin\icons\indent_right.gif --> wildnettechnologies.com /wildnettechnologies/wwwroot/oic/admin/icons indent_right.gif
2002.01.02 19:18 B D:\OIC\oic\admin\icons\indent_right_on.gif --> wildnettechnologies.com /wildnettechnologies/wwwroot/oic/admin/icons indent_right_on.gif
2002.01.02 19:18 B D:\OIC\oic\admin\icons\insert_hyperlink.gif --> wildnettechnologies.com /wildnettechnologies/wwwroot/oic/admin/icons insert_hyperlink.gif
2002.01.02 19:18 B D:\OIC\oic\admin\icons\insert_hyperlink_on.gif --> wildnettechnologies.com /wildnettechnologies/wwwroot/oic/admin/icons insert_hyperlink_on.gif
2002.01.02 19:18 B D:\OIC\oic\admin\icons\insert_picture.gif --> wildnettechnologies.com /wildnettechnologies/wwwroot/oic/admin/icons insert_picture.gif
2002.01.02 19:18 B D:\OIC\oic\admin\icons\insert_picture_on.gif --> wildnettechnologies.com /wildnettechnologies/wwwroot/oic/admin/icons insert_picture_on.gif
2002.01.02 19:18 B D:\OIC\oic\admin\icons\insert_table.gif --> wildnettechnologies.com /wildnettechnologies/wwwroot/oic/admin/icons insert_table.gif
2002.01.02 19:18 B D:\OIC\oic\admin\icons\insert_table_on.gif --> wildnettechnologies.com /wildnettechnologies/wwwroot/oic/admin/icons insert_table_on.gif
2002.01.02 19:18 B D:\OIC\oic\admin\icons\italics.gif --> wildnettechnologies.com /wildnettechnologies/wwwroot/oic/admin/icons italics.gif
2002.01.02 19:18 B D:\OIC\oic\admin\icons\italics_on.gif --> wildnettechnologies.com /wildnettechnologies/wwwroot/oic/admin/icons italics_on.gif
2002.01.02 19:18 B D:\OIC\oic\admin\icons\justify_center.gif --> wildnettechnologies.com /wildnettechnologies/wwwroot/oic/admin/icons justify_center.gif
2002.01.02 19:18 B D:\OIC\oic\admin\icons\justify_center_on.gif --> wildnettechnologies.com /wildnettechnologies/wwwroot/oic/admin/icons justify_center_on.gif
2002.01.02 19:18 B D:\OIC\oic\admin\icons\justify_left.gif --> wildnettechnologies.com /wildnettechnologies/wwwroot/oic/admin/icons justify_left.gif
2002.01.02 19:18 B D:\OIC\oic\admin\icons\justify_left_on.gif --> wildnettechnologies.com /wildnettechnologies/wwwroot/oic/admin/icons justify_left_on.gif
2002.01.02 19:18 B D:\OIC\oic\admin\icons\justify_right.gif --> wildnettechnologies.com /wildnettechnologies/wwwroot/oic/admin/icons justify_right.gif
2002.01.02 19:18 B D:\OIC\oic\admin\icons\justify_right_on.gif --> wildnettechnologies.com /wildnettechnologies/wwwroot/oic/admin/icons justify_right_on.gif
2002.01.02 19:18 B D:\OIC\oic\admin\icons\list_ordered.gif --> wildnettechnologies.com /wildnettechnologies/wwwroot/oic/admin/icons list_ordered.gif
2002.01.02 19:18 B D:\OIC\oic\admin\icons\list_ordered_on.gif --> wildnettechnologies.com /wildnettechnologies/wwwroot/oic/admin/icons list_ordered_on.gif
2002.01.02 19:18 B D:\OIC\oic\admin\icons\list_unordered.gif --> wildnettechnologies.com /wildnettechnologies/wwwroot/oic/admin/icons list_unordered.gif
2002.01.02 19:19 B D:\OIC\oic\admin\icons\list_unordered_on.gif --> wildnettechnologies.com /wildnettechnologies/wwwroot/oic/admin/icons list_unordered_on.gif
2002.01.02 19:19 B D:\OIC\oic\admin\icons\logo.gif --> wildnettechnologies.com /wildnettechnologies/wwwroot/oic/admin/icons logo.gif
2002.01.02 19:19 B D:\OIC\oic\admin\icons\paste.gif --> wildnettechnologies.com /wildnettechnologies/wwwroot/oic/admin/icons paste.gif
2002.01.02 19:19 B D:\OIC\oic\admin\icons\paste_on.gif --> wildnettechnologies.com /wildnettechnologies/wwwroot/oic/admin/icons paste_on.gif
2002.01.02 19:19 B D:\OIC\oic\admin\icons\redo.gif --> wildnettechnologies.com /wildnettechnologies/wwwroot/oic/admin/icons redo.gif
2002.01.02 19:19 B D:\OIC\oic\admin\icons\redo_on.gif --> wildnettechnologies.com /wildnettechnologies/wwwroot/oic/admin/icons redo_on.gif
2002.01.02 19:19 B D:\OIC\oic\admin\icons\select_font.gif --> wildnettechnologies.com /wildnettechnologies/wwwroot/oic/admin/icons select_font.gif
2002.01.02 19:19 B D:\OIC\oic\admin\icons\select_font_on.gif --> wildnettechnologies.com /wildnettechnologies/wwwroot/oic/admin/icons select_font_on.gif
2002.01.02 19:19 B D:\OIC\oic\admin\icons\select_size.gif --> wildnettechnologies.com /wildnettechnologies/wwwroot/oic/admin/icons select_size.gif
2002.01.02 19:19 B D:\OIC\oic\admin\icons\select_size_on.gif --> wildnettechnologies.com /wildnettechnologies/wwwroot/oic/admin/icons select_size_on.gif
2002.01.02 19:19 B D:\OIC\oic\admin\icons\seperator.gif --> wildnettechnologies.com /wildnettechnologies/wwwroot/oic/admin/icons seperator.gif
2002.01.02 19:19 B D:\OIC\oic\admin\icons\seperator2.gif --> wildnettechnologies.com /wildnettechnologies/wwwroot/oic/admin/icons seperator2.gif
2002.01.02 19:19 B D:\OIC\oic\admin\icons\strikethrough.gif --> wildnettechnologies.com /wildnettechnologies/wwwroot/oic/admin/icons strikethrough.gif
2002.01.02 19:19 B D:\OIC\oic\admin\icons\strikethrough_on.gif --> wildnettechnologies.com /wildnettechnologies/wwwroot/oic/admin/icons strikethrough_on.gif
2002.01.02 19:19 B D:\OIC\oic\admin\icons\subscript.gif --> wildnettechnologies.com /wildnettechnologies/wwwroot/oic/admin/icons subscript.gif
2002.01.02 19:19 B D:\OIC\oic\admin\icons\subscript_on.gif --> wildnettechnologies.com /wildnettechnologies/wwwroot/oic/admin/icons subscript_on.gif
2002.01.02 19:19 B D:\OIC\oic\admin\icons\superscript.gif --> wildnettechnologies.com /wildnettechnologies/wwwroot/oic/admin/icons superscript.gif
2002.01.02 19:19 B D:\OIC\oic\admin\icons\superscript_on.gif --> wildnettechnologies.com /wildnettechnologies/wwwroot/oic/admin/icons superscript_on.gif
2002.01.02 19:19 B D:\OIC\oic\admin\icons\Thumbs.db --> wildnettechnologies.com /wildnettechnologies/wwwroot/oic/admin/icons Thumbs.db
2002.01.02 19:19 B D:\OIC\oic\admin\icons\underline.gif --> wildnettechnologies.com /wildnettechnologies/wwwroot/oic/admin/icons underline.gif
2002.01.02 19:19 B D:\OIC\oic\admin\icons\underline_on.gif --> wildnettechnologies.com /wildnettechnologies/wwwroot/oic/admin/icons underline_on.gif
2002.01.02 19:19 B D:\OIC\oic\admin\icons\undo.gif --> wildnettechnologies.com /wildnettechnologies/wwwroot/oic/admin/icons undo.gif
2002.01.02 19:19 B D:\OIC\oic\admin\icons\undo_on.gif --> wildnettechnologies.com /wildnettechnologies/wwwroot/oic/admin/icons undo_on.gif
2002.01.02 19:19 B D:\OIC\oic\admin\icons\view_source.gif --> wildnettechnologies.com /wildnettechnologies/wwwroot/oic/admin/icons view_source.gif
2002.01.02 19:19 B D:\OIC\oic\admin\icons\view_source_on.gif --> wildnettechnologies.com /wildnettechnologies/wwwroot/oic/admin/icons view_source_on.gif
2002.01.02 19:19 B D:\OIC\oic\admin\icons\view_text.gif --> wildnettechnologies.com /wildnettechnologies/wwwroot/oic/admin/icons view_text.gif
2002.01.02 19:19 B D:\OIC\oic\admin\icons\view_text_on.gif --> wildnettechnologies.com /wildnettechnologies/wwwroot/oic/admin/icons view_text_on.gif
2002.01.02 19:19 B D:\OIC\oic\admin\icons\WS_FTP.LOG --> wildnettechnologies.com /wildnettechnologies/wwwroot/oic/admin/icons WS_FTP.LOG
2002.01.03 22:50 B D:\OIC\oic_ for_oic\admin\icons\backcolor.gif --> oicnb.org /admin/icons backcolor.gif
2002.01.03 22:50 B D:\OIC\oic_ for_oic\admin\icons\backcolor_on.gif --> oicnb.org /admin/icons backcolor_on.gif
2002.01.03 22:50 B D:\OIC\oic_ for_oic\admin\icons\background_silver.jpg --> oicnb.org /admin/icons background_silver.jpg
2002.01.03 22:50 B D:\OIC\oic_ for_oic\admin\icons\bold.gif --> oicnb.org /admin/icons bold.gif
2002.01.03 22:50 B D:\OIC\oic_ for_oic\admin\icons\bold_on.gif --> oicnb.org /admin/icons bold_on.gif
2002.01.03 22:50 B D:\OIC\oic_ for_oic\admin\icons\copy.gif --> oicnb.org /admin/icons copy.gif
2002.01.03 22:50 B D:\OIC\oic_ for_oic\admin\icons\copy_on.gif --> oicnb.org /admin/icons copy_on.gif
2002.01.03 22:50 B D:\OIC\oic_ for_oic\admin\icons\cut.gif --> oicnb.org /admin/icons cut.gif
2002.01.03 22:50 B D:\OIC\oic_ for_oic\admin\icons\cut_on.gif --> oicnb.org /admin/icons cut_on.gif
2002.01.03 22:50 B D:\OIC\oic_ for_oic\admin\icons\forecolor.gif --> oicnb.org /admin/icons forecolor.gif
2002.01.03 22:50 B D:\OIC\oic_ for_oic\admin\icons\forecolor_on.gif --> oicnb.org /admin/icons forecolor_on.gif
2002.01.03 22:50 B D:\OIC\oic_ for_oic\admin\icons\help.gif --> oicnb.org /admin/icons help.gif
2002.01.03 22:50 B D:\OIC\oic_ for_oic\admin\icons\help_on.gif --> oicnb.org /admin/icons help_on.gif
2002.01.03 22:50 B D:\OIC\oic_ for_oic\admin\icons\indent_left.gif --> oicnb.org /admin/icons indent_left.gif
2002.01.03 22:50 B D:\OIC\oic_ for_oic\admin\icons\indent_left_on.gif --> oicnb.org /admin/icons indent_left_on.gif
2002.01.03 22:51 B D:\OIC\oic_ for_oic\admin\icons\indent_right.gif --> oicnb.org /admin/icons indent_right.gif
2002.01.03 22:51 B D:\OIC\oic_ for_oic\admin\icons\indent_right_on.gif --> oicnb.org /admin/icons indent_right_on.gif
2002.01.03 22:51 B D:\OIC\oic_ for_oic\admin\icons\insert_hyperlink.gif --> oicnb.org /admin/icons insert_hyperlink.gif
2002.01.03 22:51 B D:\OIC\oic_ for_oic\admin\icons\insert_hyperlink_on.gif --> oicnb.org /admin/icons insert_hyperlink_on.gif
2002.01.03 22:51 B D:\OIC\oic_ for_oic\admin\icons\insert_picture.gif --> oicnb.org /admin/icons insert_picture.gif
2002.01.03 22:51 B D:\OIC\oic_ for_oic\admin\icons\insert_picture_on.gif --> oicnb.org /admin/icons insert_picture_on.gif
2002.01.03 22:51 B D:\OIC\oic_ for_oic\admin\icons\insert_table.gif --> oicnb.org /admin/icons insert_table.gif
2002.01.03 22:51 B D:\OIC\oic_ for_oic\admin\icons\insert_table_on.gif --> oicnb.org /admin/icons insert_table_on.gif
2002.01.03 22:51 B D:\OIC\oic_ for_oic\admin\icons\italics.gif --> oicnb.org /admin/icons italics.gif
2002.01.03 22:51 B D:\OIC\oic_ for_oic\admin\icons\italics_on.gif --> oicnb.org /admin/icons italics_on.gif
2002.01.03 22:51 B D:\OIC\oic_ for_oic\admin\icons\justify_center.gif --> oicnb.org /admin/icons justify_center.gif
2002.01.03 22:51 B D:\OIC\oic_ for_oic\admin\icons\justify_center_on.gif --> oicnb.org /admin/icons justify_center_on.gif
2002.01.03 22:51 B D:\OIC\oic_ for_oic\admin\icons\justify_left.gif --> oicnb.org /admin/icons justify_left.gif
2002.01.03 22:51 B D:\OIC\oic_ for_oic\admin\icons\justify_left_on.gif --> oicnb.org /admin/icons justify_left_on.gif
2002.01.03 22:51 B D:\OIC\oic_ for_oic\admin\icons\justify_right.gif --> oicnb.org /admin/icons justify_right.gif
2002.01.03 22:51 B D:\OIC\oic_ for_oic\admin\icons\justify_right_on.gif --> oicnb.org /admin/icons justify_right_on.gif
2002.01.03 22:51 B D:\OIC\oic_ for_oic\admin\icons\list_ordered.gif --> oicnb.org /admin/icons list_ordered.gif
2002.01.03 22:51 B D:\OIC\oic_ for_oic\admin\icons\list_ordered_on.gif --> oicnb.org /admin/icons list_ordered_on.gif
2002.01.03 22:51 B D:\OIC\oic_ for_oic\admin\icons\list_unordered.gif --> oicnb.org /admin/icons list_unordered.gif
2002.01.03 22:51 B D:\OIC\oic_ for_oic\admin\icons\list_unordered_on.gif --> oicnb.org /admin/icons list_unordered_on.gif
2002.01.03 22:51 B D:\OIC\oic_ for_oic\admin\icons\logo.gif --> oicnb.org /admin/icons logo.gif
2002.01.03 22:51 B D:\OIC\oic_ for_oic\admin\icons\paste.gif --> oicnb.org /admin/icons paste.gif
2002.01.03 22:51 B D:\OIC\oic_ for_oic\admin\icons\paste_on.gif --> oicnb.org /admin/icons paste_on.gif
2002.01.03 22:51 B D:\OIC\oic_ for_oic\admin\icons\redo.gif --> oicnb.org /admin/icons redo.gif
2002.01.03 22:51 B D:\OIC\oic_ for_oic\admin\icons\redo_on.gif --> oicnb.org /admin/icons redo_on.gif
2002.01.03 22:51 B D:\OIC\oic_ for_oic\admin\icons\select_font.gif --> oicnb.org /admin/icons select_font.gif
2002.01.03 22:51 B D:\OIC\oic_ for_oic\admin\icons\select_font_on.gif --> oicnb.org /admin/icons select_font_on.gif
2002.01.03 22:51 B D:\OIC\oic_ for_oic\admin\icons\select_size.gif --> oicnb.org /admin/icons select_size.gif
2002.01.03 22:51 B D:\OIC\oic_ for_oic\admin\icons\select_size_on.gif --> oicnb.org /admin/icons select_size_on.gif
2002.01.03 22:51 B D:\OIC\oic_ for_oic\admin\icons\seperator.gif --> oicnb.org /admin/icons seperator.gif
2002.01.03 22:51 B D:\OIC\oic_ for_oic\admin\icons\seperator2.gif --> oicnb.org /admin/icons seperator2.gif
2002.01.03 22:51 B D:\OIC\oic_ for_oic\admin\icons\strikethrough.gif --> oicnb.org /admin/icons strikethrough.gif
2002.01.03 22:51 B D:\OIC\oic_ for_oic\admin\icons\strikethrough_on.gif --> oicnb.org /admin/icons strikethrough_on.gif
2002.01.03 22:51 B D:\OIC\oic_ for_oic\admin\icons\subscript.gif --> oicnb.org /admin/icons subscript.gif
2002.01.03 22:51 B D:\OIC\oic_ for_oic\admin\icons\subscript_on.gif --> oicnb.org /admin/icons subscript_on.gif
2002.01.03 22:51 B D:\OIC\oic_ for_oic\admin\icons\superscript.gif --> oicnb.org /admin/icons superscript.gif
2002.01.03 22:51 B D:\OIC\oic_ for_oic\admin\icons\superscript_on.gif --> oicnb.org /admin/icons superscript_on.gif
2002.01.03 22:52 B D:\OIC\oic_ for_oic\admin\icons\Thumbs.db --> oicnb.org /admin/icons Thumbs.db
2002.01.03 22:52 B D:\OIC\oic_ for_oic\admin\icons\underline.gif --> oicnb.org /admin/icons underline.gif
2002.01.03 22:52 B D:\OIC\oic_ for_oic\admin\icons\underline_on.gif --> oicnb.org /admin/icons underline_on.gif
2002.01.03 22:52 B D:\OIC\oic_ for_oic\admin\icons\undo.gif --> oicnb.org /admin/icons undo.gif
2002.01.03 22:52 B D:\OIC\oic_ for_oic\admin\icons\undo_on.gif --> oicnb.org /admin/icons undo_on.gif
2002.01.03 22:52 B D:\OIC\oic_ for_oic\admin\icons\view_source.gif --> oicnb.org /admin/icons view_source.gif
2002.01.03 22:52 B D:\OIC\oic_ for_oic\admin\icons\view_source_on.gif --> oicnb.org /admin/icons view_source_on.gif
2002.01.03 22:52 B D:\OIC\oic_ for_oic\admin\icons\view_text.gif --> oicnb.org /admin/icons view_text.gif
2002.01.03 22:52 B D:\OIC\oic_ for_oic\admin\icons\view_text_on.gif --> oicnb.org /admin/icons view_text_on.gif
2007.05.05 14:37 B C:\Program Files\EasyPHP1-8\www\e_mcc\admin\icons\backcolor.gif --> thekente.com /TheKente405/e_mcc/admin/icons backcolor.gif
2007.05.05 14:37 B C:\Program Files\EasyPHP1-8\www\e_mcc\admin\icons\backcolor_on.gif --> thekente.com /TheKente405/e_mcc/admin/icons backcolor_on.gif
2007.05.05 14:37 B C:\Program Files\EasyPHP1-8\www\e_mcc\admin\icons\background_silver.jpg --> thekente.com /TheKente405/e_mcc/admin/icons background_silver.jpg
2007.05.05 14:37 B C:\Program Files\EasyPHP1-8\www\e_mcc\admin\icons\bold.gif --> thekente.com /TheKente405/e_mcc/admin/icons bold.gif
2007.05.05 14:37 B C:\Program Files\EasyPHP1-8\www\e_mcc\admin\icons\bold_on.gif --> thekente.com /TheKente405/e_mcc/admin/icons bold_on.gif
2007.05.05 14:37 B C:\Program Files\EasyPHP1-8\www\e_mcc\admin\icons\copy.gif --> thekente.com /TheKente405/e_mcc/admin/icons copy.gif
2007.05.05 14:37 B C:\Program Files\EasyPHP1-8\www\e_mcc\admin\icons\copy_on.gif --> thekente.com /TheKente405/e_mcc/admin/icons copy_on.gif
2007.05.05 14:37 B C:\Program Files\EasyPHP1-8\www\e_mcc\admin\icons\cut.gif --> thekente.com /TheKente405/e_mcc/admin/icons cut.gif
2007.05.05 14:37 B C:\Program Files\EasyPHP1-8\www\e_mcc\admin\icons\cut_on.gif --> thekente.com /TheKente405/e_mcc/admin/icons cut_on.gif
2007.05.05 14:37 B C:\Program Files\EasyPHP1-8\www\e_mcc\admin\icons\forecolor.gif --> thekente.com /TheKente405/e_mcc/admin/icons forecolor.gif
2007.05.05 14:37 B C:\Program Files\EasyPHP1-8\www\e_mcc\admin\icons\forecolor_on.gif --> thekente.com /TheKente405/e_mcc/admin/icons forecolor_on.gif
2007.05.05 14:37 B C:\Program Files\EasyPHP1-8\www\e_mcc\admin\icons\help.gif --> thekente.com /TheKente405/e_mcc/admin/icons help.gif
2007.05.05 14:37 B C:\Program Files\EasyPHP1-8\www\e_mcc\admin\icons\help_on.gif --> thekente.com /TheKente405/e_mcc/admin/icons help_on.gif
2007.05.05 14:37 B C:\Program Files\EasyPHP1-8\www\e_mcc\admin\icons\indent_left.gif --> thekente.com /TheKente405/e_mcc/admin/icons indent_left.gif
2007.05.05 14:37 B C:\Program Files\EasyPHP1-8\www\e_mcc\admin\icons\indent_left_on.gif --> thekente.com /TheKente405/e_mcc/admin/icons indent_left_on.gif
2007.05.05 14:37 B C:\Program Files\EasyPHP1-8\www\e_mcc\admin\icons\indent_right.gif --> thekente.com /TheKente405/e_mcc/admin/icons indent_right.gif
2007.05.05 14:37 B C:\Program Files\EasyPHP1-8\www\e_mcc\admin\icons\indent_right_on.gif --> thekente.com /TheKente405/e_mcc/admin/icons indent_right_on.gif
2007.05.05 14:37 B C:\Program Files\EasyPHP1-8\www\e_mcc\admin\icons\insert_hyperlink.gif --> thekente.com /TheKente405/e_mcc/admin/icons insert_hyperlink.gif
2007.05.05 14:37 B C:\Program Files\EasyPHP1-8\www\e_mcc\admin\icons\insert_hyperlink_on.gif --> thekente.com /TheKente405/e_mcc/admin/icons insert_hyperlink_on.gif
2007.05.05 14:37 B C:\Program Files\EasyPHP1-8\www\e_mcc\admin\icons\insert_picture.gif --> thekente.com /TheKente405/e_mcc/admin/icons insert_picture.gif
2007.05.05 14:37 B C:\Program Files\EasyPHP1-8\www\e_mcc\admin\icons\insert_picture_on.gif --> thekente.com /TheKente405/e_mcc/admin/icons insert_picture_on.gif
2007.05.05 14:37 B C:\Program Files\EasyPHP1-8\www\e_mcc\admin\icons\insert_table.gif --> thekente.com /TheKente405/e_mcc/admin/icons insert_table.gif
2007.05.05 14:37 B C:\Program Files\EasyPHP1-8\www\e_mcc\admin\icons\insert_table_on.gif --> thekente.com /TheKente405/e_mcc/admin/icons insert_table_on.gif
2007.05.05 14:37 B C:\Program Files\EasyPHP1-8\www\e_mcc\admin\icons\italics.gif --> thekente.com /TheKente405/e_mcc/admin/icons italics.gif
2007.05.05 14:37 B C:\Program Files\EasyPHP1-8\www\e_mcc\admin\icons\italics_on.gif --> thekente.com /TheKente405/e_mcc/admin/icons italics_on.gif
2007.05.05 14:37 B C:\Program Files\EasyPHP1-8\www\e_mcc\admin\icons\justify_center.gif --> thekente.com /TheKente405/e_mcc/admin/icons justify_center.gif
2007.05.05 14:37 B C:\Program Files\EasyPHP1-8\www\e_mcc\admin\icons\justify_center_on.gif --> thekente.com /TheKente405/e_mcc/admin/icons justify_center_on.gif
2007.05.05 14:37 B C:\Program Files\EasyPHP1-8\www\e_mcc\admin\icons\justify_left.gif --> thekente.com /TheKente405/e_mcc/admin/icons justify_left.gif
2007.05.05 14:37 B C:\Program Files\EasyPHP1-8\www\e_mcc\admin\icons\justify_left_on.gif --> thekente.com /TheKente405/e_mcc/admin/icons justify_left_on.gif
2007.05.05 14:37 B C:\Program Files\EasyPHP1-8\www\e_mcc\admin\icons\justify_right.gif --> thekente.com /TheKente405/e_mcc/admin/icons justify_right.gif
2007.05.05 14:37 B C:\Program Files\EasyPHP1-8\www\e_mcc\admin\icons\justify_right_on.gif --> thekente.com /TheKente405/e_mcc/admin/icons justify_right_on.gif
2007.05.05 14:37 B C:\Program Files\EasyPHP1-8\www\e_mcc\admin\icons\list_ordered.gif --> thekente.com /TheKente405/e_mcc/admin/icons list_ordered.gif
2007.05.05 14:37 B C:\Program Files\EasyPHP1-8\www\e_mcc\admin\icons\list_ordered_on.gif --> thekente.com /TheKente405/e_mcc/admin/icons list_ordered_on.gif
2007.05.05 14:37 B C:\Program Files\EasyPHP1-8\www\e_mcc\admin\icons\list_unordered.gif --> thekente.com /TheKente405/e_mcc/admin/icons list_unordered.gif
2007.05.05 14:37 B C:\Program Files\EasyPHP1-8\www\e_mcc\admin\icons\list_unordered_on.gif --> thekente.com /TheKente405/e_mcc/admin/icons list_unordered_on.gif
2007.05.05 14:37 B C:\Program Files\EasyPHP1-8\www\e_mcc\admin\icons\logo.gif --> thekente.com /TheKente405/e_mcc/admin/icons logo.gif
2007.05.05 14:37 B C:\Program Files\EasyPHP1-8\www\e_mcc\admin\icons\paste.gif --> thekente.com /TheKente405/e_mcc/admin/icons paste.gif
2007.05.05 14:38 B C:\Program Files\EasyPHP1-8\www\e_mcc\admin\icons\paste_on.gif --> thekente.com /TheKente405/e_mcc/admin/icons paste_on.gif
2007.05.05 14:38 B C:\Program Files\EasyPHP1-8\www\e_mcc\admin\icons\redo.gif --> thekente.com /TheKente405/e_mcc/admin/icons redo.gif
2007.05.05 14:38 B C:\Program Files\EasyPHP1-8\www\e_mcc\admin\icons\redo_on.gif --> thekente.com /TheKente405/e_mcc/admin/icons redo_on.gif
2007.05.05 14:38 B C:\Program Files\EasyPHP1-8\www\e_mcc\admin\icons\select_font.gif --> thekente.com /TheKente405/e_mcc/admin/icons select_font.gif
2007.05.05 14:38 B C:\Program Files\EasyPHP1-8\www\e_mcc\admin\icons\select_font_on.gif --> thekente.com /TheKente405/e_mcc/admin/icons select_font_on.gif
2007.05.05 14:38 B C:\Program Files\EasyPHP1-8\www\e_mcc\admin\icons\select_size.gif --> thekente.com /TheKente405/e_mcc/admin/icons select_size.gif
2007.05.05 14:38 B C:\Program Files\EasyPHP1-8\www\e_mcc\admin\icons\select_size_on.gif --> thekente.com /TheKente405/e_mcc/admin/icons select_size_on.gif
2007.05.05 14:38 B C:\Program Files\EasyPHP1-8\www\e_mcc\admin\icons\seperator.gif --> thekente.com /TheKente405/e_mcc/admin/icons seperator.gif
2007.05.05 14:38 B C:\Program Files\EasyPHP1-8\www\e_mcc\admin\icons\seperator2.gif --> thekente.com /TheKente405/e_mcc/admin/icons seperator2.gif
2007.05.05 14:38 B C:\Program Files\EasyPHP1-8\www\e_mcc\admin\icons\strikethrough.gif --> thekente.com /TheKente405/e_mcc/admin/icons strikethrough.gif
2007.05.05 14:38 B C:\Program Files\EasyPHP1-8\www\e_mcc\admin\icons\strikethrough_on.gif --> thekente.com /TheKente405/e_mcc/admin/icons strikethrough_on.gif
2007.05.05 14:38 B C:\Program Files\EasyPHP1-8\www\e_mcc\admin\icons\subscript.gif --> thekente.com /TheKente405/e_mcc/admin/icons subscript.gif
2007.05.05 14:38 B C:\Program Files\EasyPHP1-8\www\e_mcc\admin\icons\subscript_on.gif --> thekente.com /TheKente405/e_mcc/admin/icons subscript_on.gif
2007.05.05 14:38 B C:\Program Files\EasyPHP1-8\www\e_mcc\admin\icons\superscript.gif --> thekente.com /TheKente405/e_mcc/admin/icons superscript.gif
2007.05.05 14:38 B C:\Program Files\EasyPHP1-8\www\e_mcc\admin\icons\superscript_on.gif --> thekente.com /TheKente405/e_mcc/admin/icons superscript_on.gif
2007.05.05 14:38 B C:\Program Files\EasyPHP1-8\www\e_mcc\admin\icons\Thumbs.db --> thekente.com /TheKente405/e_mcc/admin/icons Thumbs.db
2007.05.05 14:38 B C:\Program Files\EasyPHP1-8\www\e_mcc\admin\icons\underline.gif --> thekente.com /TheKente405/e_mcc/admin/icons underline.gif
2007.05.05 14:38 B C:\Program Files\EasyPHP1-8\www\e_mcc\admin\icons\underline_on.gif --> thekente.com /TheKente405/e_mcc/admin/icons underline_on.gif
2007.05.05 14:38 B C:\Program Files\EasyPHP1-8\www\e_mcc\admin\icons\undo.gif --> thekente.com /TheKente405/e_mcc/admin/icons undo.gif
2007.05.05 14:38 B C:\Program Files\EasyPHP1-8\www\e_mcc\admin\icons\undo_on.gif --> thekente.com /TheKente405/e_mcc/admin/icons undo_on.gif
2007.05.05 14:38 B C:\Program Files\EasyPHP1-8\www\e_mcc\admin\icons\view_source.gif --> thekente.com /TheKente405/e_mcc/admin/icons view_source.gif
2007.05.05 14:38 B C:\Program Files\EasyPHP1-8\www\e_mcc\admin\icons\view_source_on.gif --> thekente.com /TheKente405/e_mcc/admin/icons view_source_on.gif
2007.05.05 14:38 B C:\Program Files\EasyPHP1-8\www\e_mcc\admin\icons\view_text.gif --> thekente.com /TheKente405/e_mcc/admin/icons view_text.gif
2007.05.05 14:38 B C:\Program Files\EasyPHP1-8\www\e_mcc\admin\icons\view_text_on.gif --> thekente.com /TheKente405/e_mcc/admin/icons view_text_on.gif
2007.05.05 14:38 B C:\Program Files\EasyPHP1-8\www\e_mcc\admin\icons\WS_FTP.LOG --> thekente.com /TheKente405/e_mcc/admin/icons WS_FTP.LOG
2007.05.16 18:27 B D:\e_mcc\e_mcc\admin\icons\WS_FTP.LOG <-- gfa /wildnettechnologies/wwwroot/test/e_mcc/admin/icons WS_FTP.LOG
2007.05.16 19:45 B D:\e_mcc\e_mcc\admin\icons\backcolor.gif --> ftp.thekente.com /TheKente405/E_mcc_wildnet/admin/icons backcolor.gif
2007.05.16 19:45 B D:\e_mcc\e_mcc\admin\icons\backcolor_on.gif --> ftp.thekente.com /TheKente405/E_mcc_wildnet/admin/icons backcolor_on.gif
2007.05.16 19:45 B D:\e_mcc\e_mcc\admin\icons\background_silver.jpg --> ftp.thekente.com /TheKente405/E_mcc_wildnet/admin/icons background_silver.jpg
2007.05.16 19:45 B D:\e_mcc\e_mcc\admin\icons\bold.gif --> ftp.thekente.com /TheKente405/E_mcc_wildnet/admin/icons bold.gif
2007.05.16 19:45 B D:\e_mcc\e_mcc\admin\icons\bold_on.gif --> ftp.thekente.com /TheKente405/E_mcc_wildnet/admin/icons bold_on.gif
2007.05.16 19:45 B D:\e_mcc\e_mcc\admin\icons\copy.gif --> ftp.thekente.com /TheKente405/E_mcc_wildnet/admin/icons copy.gif
2007.05.16 19:45 B D:\e_mcc\e_mcc\admin\icons\copy_on.gif --> ftp.thekente.com /TheKente405/E_mcc_wildnet/admin/icons copy_on.gif
2007.05.16 19:45 B D:\e_mcc\e_mcc\admin\icons\cut.gif --> ftp.thekente.com /TheKente405/E_mcc_wildnet/admin/icons cut.gif
2007.05.16 19:45 B D:\e_mcc\e_mcc\admin\icons\cut_on.gif --> ftp.thekente.com /TheKente405/E_mcc_wildnet/admin/icons cut_on.gif
2007.05.16 19:45 B D:\e_mcc\e_mcc\admin\icons\forecolor.gif --> ftp.thekente.com /TheKente405/E_mcc_wildnet/admin/icons forecolor.gif
2007.05.16 19:46 B D:\e_mcc\e_mcc\admin\icons\forecolor_on.gif --> ftp.thekente.com /TheKente405/E_mcc_wildnet/admin/icons forecolor_on.gif
2007.05.16 19:46 B D:\e_mcc\e_mcc\admin\icons\help.gif --> ftp.thekente.com /TheKente405/E_mcc_wildnet/admin/icons help.gif
2007.05.16 19:46 B D:\e_mcc\e_mcc\admin\icons\help_on.gif --> ftp.thekente.com /TheKente405/E_mcc_wildnet/admin/icons help_on.gif
2007.05.16 19:46 B D:\e_mcc\e_mcc\admin\icons\indent_left.gif --> ftp.thekente.com /TheKente405/E_mcc_wildnet/admin/icons indent_left.gif
2007.05.16 19:46 B D:\e_mcc\e_mcc\admin\icons\indent_left_on.gif --> ftp.thekente.com /TheKente405/E_mcc_wildnet/admin/icons indent_left_on.gif
2007.05.16 19:46 B D:\e_mcc\e_mcc\admin\icons\indent_right.gif --> ftp.thekente.com /TheKente405/E_mcc_wildnet/admin/icons indent_right.gif
2007.05.16 19:46 B D:\e_mcc\e_mcc\admin\icons\indent_right_on.gif --> ftp.thekente.com /TheKente405/E_mcc_wildnet/admin/icons indent_right_on.gif
2007.05.16 19:46 B D:\e_mcc\e_mcc\admin\icons\insert_hyperlink.gif --> ftp.thekente.com /TheKente405/E_mcc_wildnet/admin/icons insert_hyperlink.gif
2007.05.16 19:46 B D:\e_mcc\e_mcc\admin\icons\insert_hyperlink_on.gif --> ftp.thekente.com /TheKente405/E_mcc_wildnet/admin/icons insert_hyperlink_on.gif
2007.05.16 19:46 B D:\e_mcc\e_mcc\admin\icons\insert_picture.gif --> ftp.thekente.com /TheKente405/E_mcc_wildnet/admin/icons insert_picture.gif
2007.05.16 19:46 B D:\e_mcc\e_mcc\admin\icons\insert_picture_on.gif --> ftp.thekente.com /TheKente405/E_mcc_wildnet/admin/icons insert_picture_on.gif
2007.05.16 19:46 B D:\e_mcc\e_mcc\admin\icons\insert_table.gif --> ftp.thekente.com /TheKente405/E_mcc_wildnet/admin/icons insert_table.gif
2007.05.16 19:46 B D:\e_mcc\e_mcc\admin\icons\insert_table_on.gif --> ftp.thekente.com /TheKente405/E_mcc_wildnet/admin/icons insert_table_on.gif
2007.05.16 19:46 B D:\e_mcc\e_mcc\admin\icons\italics.gif --> ftp.thekente.com /TheKente405/E_mcc_wildnet/admin/icons italics.gif
2007.05.16 19:46 B D:\e_mcc\e_mcc\admin\icons\italics_on.gif --> ftp.thekente.com /TheKente405/E_mcc_wildnet/admin/icons italics_on.gif
2007.05.16 19:46 B D:\e_mcc\e_mcc\admin\icons\justify_center.gif --> ftp.thekente.com /TheKente405/E_mcc_wildnet/admin/icons justify_center.gif
2007.05.16 19:46 B D:\e_mcc\e_mcc\admin\icons\justify_center_on.gif --> ftp.thekente.com /TheKente405/E_mcc_wildnet/admin/icons justify_center_on.gif
2007.05.16 19:46 B D:\e_mcc\e_mcc\admin\icons\justify_left.gif --> ftp.thekente.com /TheKente405/E_mcc_wildnet/admin/icons justify_left.gif
2007.05.16 19:46 B D:\e_mcc\e_mcc\admin\icons\justify_left_on.gif --> ftp.thekente.com /TheKente405/E_mcc_wildnet/admin/icons justify_left_on.gif
2007.05.16 19:46 B D:\e_mcc\e_mcc\admin\icons\justify_right.gif --> ftp.thekente.com /TheKente405/E_mcc_wildnet/admin/icons justify_right.gif
2007.05.16 19:46 B D:\e_mcc\e_mcc\admin\icons\justify_right_on.gif --> ftp.thekente.com /TheKente405/E_mcc_wildnet/admin/icons justify_right_on.gif
2007.05.16 19:46 B D:\e_mcc\e_mcc\admin\icons\list_ordered.gif --> ftp.thekente.com /TheKente405/E_mcc_wildnet/admin/icons list_ordered.gif
2007.05.16 19:46 B D:\e_mcc\e_mcc\admin\icons\list_ordered_on.gif --> ftp.thekente.com /TheKente405/E_mcc_wildnet/admin/icons list_ordered_on.gif
2007.05.16 19:46 B D:\e_mcc\e_mcc\admin\icons\list_unordered.gif --> ftp.thekente.com /TheKente405/E_mcc_wildnet/admin/icons list_unordered.gif
2007.05.16 19:46 B D:\e_mcc\e_mcc\admin\icons\list_unordered_on.gif --> ftp.thekente.com /TheKente405/E_mcc_wildnet/admin/icons list_unordered_on.gif
2007.05.16 19:46 B D:\e_mcc\e_mcc\admin\icons\logo.gif --> ftp.thekente.com /TheKente405/E_mcc_wildnet/admin/icons logo.gif
2007.05.16 19:46 B D:\e_mcc\e_mcc\admin\icons\paste.gif --> ftp.thekente.com /TheKente405/E_mcc_wildnet/admin/icons paste.gif
2007.05.16 19:46 B D:\e_mcc\e_mcc\admin\icons\paste_on.gif --> ftp.thekente.com /TheKente405/E_mcc_wildnet/admin/icons paste_on.gif
2007.05.16 19:46 B D:\e_mcc\e_mcc\admin\icons\redo.gif --> ftp.thekente.com /TheKente405/E_mcc_wildnet/admin/icons redo.gif
2007.05.16 19:46 B D:\e_mcc\e_mcc\admin\icons\redo_on.gif --> ftp.thekente.com /TheKente405/E_mcc_wildnet/admin/icons redo_on.gif
2007.05.16 19:46 B D:\e_mcc\e_mcc\admin\icons\select_font.gif --> ftp.thekente.com /TheKente405/E_mcc_wildnet/admin/icons select_font.gif
2007.05.16 19:46 B D:\e_mcc\e_mcc\admin\icons\select_font_on.gif --> ftp.thekente.com /TheKente405/E_mcc_wildnet/admin/icons select_font_on.gif
2007.05.16 19:46 B D:\e_mcc\e_mcc\admin\icons\select_size.gif --> ftp.thekente.com /TheKente405/E_mcc_wildnet/admin/icons select_size.gif
2007.05.16 19:46 B D:\e_mcc\e_mcc\admin\icons\select_size_on.gif --> ftp.thekente.com /TheKente405/E_mcc_wildnet/admin/icons select_size_on.gif
2007.05.16 19:46 B D:\e_mcc\e_mcc\admin\icons\seperator.gif --> ftp.thekente.com /TheKente405/E_mcc_wildnet/admin/icons seperator.gif
2007.05.16 19:46 B D:\e_mcc\e_mcc\admin\icons\seperator2.gif --> ftp.thekente.com /TheKente405/E_mcc_wildnet/admin/icons seperator2.gif
2007.05.16 19:47 B D:\e_mcc\e_mcc\admin\icons\strikethrough.gif --> ftp.thekente.com /TheKente405/E_mcc_wildnet/admin/icons strikethrough.gif
2007.05.16 19:47 B D:\e_mcc\e_mcc\admin\icons\strikethrough_on.gif --> ftp.thekente.com /TheKente405/E_mcc_wildnet/admin/icons strikethrough_on.gif
2007.05.16 19:47 B D:\e_mcc\e_mcc\admin\icons\subscript.gif --> ftp.thekente.com /TheKente405/E_mcc_wildnet/admin/icons subscript.gif
2007.05.16 19:47 B D:\e_mcc\e_mcc\admin\icons\subscript_on.gif --> ftp.thekente.com /TheKente405/E_mcc_wildnet/admin/icons subscript_on.gif
2007.05.16 19:47 B D:\e_mcc\e_mcc\admin\icons\superscript.gif --> ftp.thekente.com /TheKente405/E_mcc_wildnet/admin/icons superscript.gif
2007.05.16 19:47 B D:\e_mcc\e_mcc\admin\icons\superscript_on.gif --> ftp.thekente.com /TheKente405/E_mcc_wildnet/admin/icons superscript_on.gif
2007.05.16 19:47 B D:\e_mcc\e_mcc\admin\icons\Thumbs.db --> ftp.thekente.com /TheKente405/E_mcc_wildnet/admin/icons Thumbs.db
2007.05.16 19:47 B D:\e_mcc\e_mcc\admin\icons\underline.gif --> ftp.thekente.com /TheKente405/E_mcc_wildnet/admin/icons underline.gif
2007.05.16 19:47 B D:\e_mcc\e_mcc\admin\icons\underline_on.gif --> ftp.thekente.com /TheKente405/E_mcc_wildnet/admin/icons underline_on.gif
2007.05.16 19:47 B D:\e_mcc\e_mcc\admin\icons\undo.gif --> ftp.thekente.com /TheKente405/E_mcc_wildnet/admin/icons undo.gif
2007.05.16 19:47 B D:\e_mcc\e_mcc\admin\icons\undo_on.gif --> ftp.thekente.com /TheKente405/E_mcc_wildnet/admin/icons undo_on.gif
2007.05.16 19:47 B D:\e_mcc\e_mcc\admin\icons\view_source.gif --> ftp.thekente.com /TheKente405/E_mcc_wildnet/admin/icons view_source.gif
2007.05.16 19:47 B D:\e_mcc\e_mcc\admin\icons\view_source_on.gif --> ftp.thekente.com /TheKente405/E_mcc_wildnet/admin/icons view_source_on.gif
2007.05.16 19:47 B D:\e_mcc\e_mcc\admin\icons\view_text.gif --> ftp.thekente.com /TheKente405/E_mcc_wildnet/admin/icons view_text.gif
2007.05.16 19:47 B D:\e_mcc\e_mcc\admin\icons\view_text_on.gif --> ftp.thekente.com /TheKente405/E_mcc_wildnet/admin/icons view_text_on.gif
2007.08.25 11:35 B C:\Program Files\EasyPHP1-8\www\iconshoes\adminsection\editor\icons\WS_FTP.LOG <-- Iconshoes /adminsection/editor/icons WS_FTP.LOG
2007.08.25 15:37 B C:\Program Files\EasyPHP1-8\www\iconshoes\adminsection\editor\icons\WS_FTP.LOG --> www.iconshoes.co.uk /adminsection/editor/icons WS_FTP.LOG
2009.04.22 23:22 B E:\www\u1pinless\admin\editor\icons\backcolor.gif --> ftp.u1pinless.com /public_html/admin/editor/icons backcolor.gif
2009.04.22 23:22 B E:\www\u1pinless\admin\editor\icons\backcolor_on.gif --> ftp.u1pinless.com /public_html/admin/editor/icons backcolor_on.gif
2009.04.22 23:22 B E:\www\u1pinless\admin\editor\icons\background_silver.jpg --> ftp.u1pinless.com /public_html/admin/editor/icons background_silver.jpg
2009.04.22 23:22 B E:\www\u1pinless\admin\editor\icons\bold.gif --> ftp.u1pinless.com /public_html/admin/editor/icons bold.gif
2009.04.22 23:22 B E:\www\u1pinless\admin\editor\icons\bold_on.gif --> ftp.u1pinless.com /public_html/admin/editor/icons bold_on.gif
2009.04.22 23:22 B E:\www\u1pinless\admin\editor\icons\copy.gif --> ftp.u1pinless.com /public_html/admin/editor/icons copy.gif
2009.04.22 23:22 B E:\www\u1pinless\admin\editor\icons\copy_on.gif --> ftp.u1pinless.com /public_html/admin/editor/icons copy_on.gif
2009.04.22 23:22 B E:\www\u1pinless\admin\editor\icons\cut.gif --> ftp.u1pinless.com /public_html/admin/editor/icons cut.gif
2009.04.22 23:22 B E:\www\u1pinless\admin\editor\icons\cut_on.gif --> ftp.u1pinless.com /public_html/admin/editor/icons cut_on.gif
2009.04.22 23:22 B E:\www\u1pinless\admin\editor\icons\forecolor.gif --> ftp.u1pinless.com /public_html/admin/editor/icons forecolor.gif
2009.04.22 23:22 B E:\www\u1pinless\admin\editor\icons\forecolor_on.gif --> ftp.u1pinless.com /public_html/admin/editor/icons forecolor_on.gif
2009.04.22 23:22 B E:\www\u1pinless\admin\editor\icons\help.gif --> ftp.u1pinless.com /public_html/admin/editor/icons help.gif
2009.04.22 23:23 B E:\www\u1pinless\admin\editor\icons\help_on.gif --> ftp.u1pinless.com /public_html/admin/editor/icons help_on.gif
2009.04.22 23:23 B E:\www\u1pinless\admin\editor\icons\indent_left.gif --> ftp.u1pinless.com /public_html/admin/editor/icons indent_left.gif
2009.04.22 23:23 B E:\www\u1pinless\admin\editor\icons\indent_left_on.gif --> ftp.u1pinless.com /public_html/admin/editor/icons indent_left_on.gif
2009.04.22 23:23 B E:\www\u1pinless\admin\editor\icons\indent_right.gif --> ftp.u1pinless.com /public_html/admin/editor/icons indent_right.gif
2009.04.22 23:23 B E:\www\u1pinless\admin\editor\icons\indent_right_on.gif --> ftp.u1pinless.com /public_html/admin/editor/icons indent_right_on.gif
2009.04.22 23:23 B E:\www\u1pinless\admin\editor\icons\insert_hyperlink.gif --> ftp.u1pinless.com /public_html/admin/editor/icons insert_hyperlink.gif
2009.04.22 23:23 B E:\www\u1pinless\admin\editor\icons\insert_hyperlink_on.gif --> ftp.u1pinless.com /public_html/admin/editor/icons insert_hyperlink_on.gif
2009.04.22 23:23 B E:\www\u1pinless\admin\editor\icons\insert_picture.gif --> ftp.u1pinless.com /public_html/admin/editor/icons insert_picture.gif
2009.04.22 23:23 B E:\www\u1pinless\admin\editor\icons\insert_picture_on.gif --> ftp.u1pinless.com /public_html/admin/editor/icons insert_picture_on.gif
2009.04.22 23:23 B E:\www\u1pinless\admin\editor\icons\insert_table.gif --> ftp.u1pinless.com /public_html/admin/editor/icons insert_table.gif
2009.04.22 23:23 B E:\www\u1pinless\admin\editor\icons\insert_table_on.gif --> ftp.u1pinless.com /public_html/admin/editor/icons insert_table_on.gif
2009.04.22 23:23 B E:\www\u1pinless\admin\editor\icons\italics.gif --> ftp.u1pinless.com /public_html/admin/editor/icons italics.gif
2009.04.22 23:23 B E:\www\u1pinless\admin\editor\icons\italics_on.gif --> ftp.u1pinless.com /public_html/admin/editor/icons italics_on.gif
2009.04.22 23:23 B E:\www\u1pinless\admin\editor\icons\justify_center.gif --> ftp.u1pinless.com /public_html/admin/editor/icons justify_center.gif
2009.04.22 23:23 B E:\www\u1pinless\admin\editor\icons\justify_center_on.gif --> ftp.u1pinless.com /public_html/admin/editor/icons justify_center_on.gif
2009.04.22 23:24 B E:\www\u1pinless\admin\editor\icons\justify_left.gif --> ftp.u1pinless.com /public_html/admin/editor/icons justify_left.gif
2009.04.22 23:24 B E:\www\u1pinless\admin\editor\icons\justify_left_on.gif --> ftp.u1pinless.com /public_html/admin/editor/icons justify_left_on.gif
2009.04.22 23:24 B E:\www\u1pinless\admin\editor\icons\justify_right.gif --> ftp.u1pinless.com /public_html/admin/editor/icons justify_right.gif
2009.04.22 23:24 B E:\www\u1pinless\admin\editor\icons\justify_right_on.gif --> ftp.u1pinless.com /public_html/admin/editor/icons justify_right_on.gif
2009.04.22 23:24 B E:\www\u1pinless\admin\editor\icons\list_ordered.gif --> ftp.u1pinless.com /public_html/admin/editor/icons list_ordered.gif
2009.04.22 23:24 B E:\www\u1pinless\admin\editor\icons\list_ordered_on.gif --> ftp.u1pinless.com /public_html/admin/editor/icons list_ordered_on.gif
2009.04.22 23:24 B E:\www\u1pinless\admin\editor\icons\list_unordered.gif --> ftp.u1pinless.com /public_html/admin/editor/icons list_unordered.gif
2009.04.22 23:24 B E:\www\u1pinless\admin\editor\icons\list_unordered_on.gif --> ftp.u1pinless.com /public_html/admin/editor/icons list_unordered_on.gif
2009.04.22 23:24 B E:\www\u1pinless\admin\editor\icons\logo.gif --> ftp.u1pinless.com /public_html/admin/editor/icons logo.gif
2009.04.22 23:24 B E:\www\u1pinless\admin\editor\icons\paste.gif --> ftp.u1pinless.com /public_html/admin/editor/icons paste.gif
2009.04.22 23:24 B E:\www\u1pinless\admin\editor\icons\paste_on.gif --> ftp.u1pinless.com /public_html/admin/editor/icons paste_on.gif
2009.04.22 23:24 B E:\www\u1pinless\admin\editor\icons\redo.gif --> ftp.u1pinless.com /public_html/admin/editor/icons redo.gif
2009.04.22 23:24 B E:\www\u1pinless\admin\editor\icons\redo_on.gif --> ftp.u1pinless.com /public_html/admin/editor/icons redo_on.gif
2009.04.22 23:24 B E:\www\u1pinless\admin\editor\icons\select_font.gif --> ftp.u1pinless.com /public_html/admin/editor/icons select_font.gif
2009.04.22 23:24 B E:\www\u1pinless\admin\editor\icons\select_font_on.gif --> ftp.u1pinless.com /public_html/admin/editor/icons select_font_on.gif
2009.04.22 23:24 B E:\www\u1pinless\admin\editor\icons\select_size.gif --> ftp.u1pinless.com /public_html/admin/editor/icons select_size.gif
2009.04.22 23:24 B E:\www\u1pinless\admin\editor\icons\select_size_on.gif --> ftp.u1pinless.com /public_html/admin/editor/icons select_size_on.gif
2009.04.22 23:24 B E:\www\u1pinless\admin\editor\icons\seperator.gif --> ftp.u1pinless.com /public_html/admin/editor/icons seperator.gif
2009.04.22 23:24 B E:\www\u1pinless\admin\editor\icons\seperator2.gif --> ftp.u1pinless.com /public_html/admin/editor/icons seperator2.gif
2009.04.22 23:24 B E:\www\u1pinless\admin\editor\icons\strikethrough.gif --> ftp.u1pinless.com /public_html/admin/editor/icons strikethrough.gif
2009.04.22 23:24 B E:\www\u1pinless\admin\editor\icons\strikethrough_on.gif --> ftp.u1pinless.com /public_html/admin/editor/icons strikethrough_on.gif
2009.04.22 23:24 B E:\www\u1pinless\admin\editor\icons\subscript.gif --> ftp.u1pinless.com /public_html/admin/editor/icons subscript.gif
2009.04.22 23:24 B E:\www\u1pinless\admin\editor\icons\subscript_on.gif --> ftp.u1pinless.com /public_html/admin/editor/icons subscript_on.gif
2009.04.22 23:24 B E:\www\u1pinless\admin\editor\icons\superscript.gif --> ftp.u1pinless.com /public_html/admin/editor/icons superscript.gif
2009.04.22 23:24 B E:\www\u1pinless\admin\editor\icons\superscript_on.gif --> ftp.u1pinless.com /public_html/admin/editor/icons superscript_on.gif
2009.04.22 23:24 B E:\www\u1pinless\admin\editor\icons\Thumbs.db --> ftp.u1pinless.com /public_html/admin/editor/icons Thumbs.db
2009.04.22 23:24 B E:\www\u1pinless\admin\editor\icons\underline.gif --> ftp.u1pinless.com /public_html/admin/editor/icons underline.gif
2009.04.22 23:24 B E:\www\u1pinless\admin\editor\icons\underline_on.gif --> ftp.u1pinless.com /public_html/admin/editor/icons underline_on.gif
2009.04.22 23:24 B E:\www\u1pinless\admin\editor\icons\undo.gif --> ftp.u1pinless.com /public_html/admin/editor/icons undo.gif
2009.04.22 23:25 B E:\www\u1pinless\admin\editor\icons\undo_on.gif --> ftp.u1pinless.com /public_html/admin/editor/icons undo_on.gif
2009.04.22 23:25 B E:\www\u1pinless\admin\editor\icons\view_source.gif --> ftp.u1pinless.com /public_html/admin/editor/icons view_source.gif
2009.04.22 23:25 B E:\www\u1pinless\admin\editor\icons\view_source_on.gif --> ftp.u1pinless.com /public_html/admin/editor/icons view_source_on.gif
2009.04.22 23:25 B E:\www\u1pinless\admin\editor\icons\view_text.gif --> ftp.u1pinless.com /public_html/admin/editor/icons view_text.gif
2009.04.22 23:25 B E:\www\u1pinless\admin\editor\icons\view_text_on.gif --> ftp.u1pinless.com /public_html/admin/editor/icons view_text_on.gif
2009.04.22 23:25 B E:\www\u1pinless\admin\editor\icons\WS_FTP.LOG --> ftp.u1pinless.com /public_html/admin/editor/icons WS_FTP.LOG
2009.07.28 22:14 B E:\www\xpressdial voip\admin\editor\icons\backcolor.gif <-- xpress /public_html/admin/editor/icons backcolor.gif
2009.07.28 22:14 B E:\www\xpressdial voip\admin\editor\icons\backcolor_on.gif <-- xpress /public_html/admin/editor/icons backcolor_on.gif
2009.07.28 22:14 B E:\www\xpressdial voip\admin\editor\icons\background_silver.jpg <-- xpress /public_html/admin/editor/icons background_silver.jpg
2009.07.28 22:14 B E:\www\xpressdial voip\admin\editor\icons\bold.gif <-- xpress /public_html/admin/editor/icons bold.gif
2009.07.28 22:14 B E:\www\xpressdial voip\admin\editor\icons\bold_on.gif <-- xpress /public_html/admin/editor/icons bold_on.gif
2009.07.28 22:14 B E:\www\xpressdial voip\admin\editor\icons\copy.gif <-- xpress /public_html/admin/editor/icons copy.gif
2009.07.28 22:14 B E:\www\xpressdial voip\admin\editor\icons\copy_on.gif <-- xpress /public_html/admin/editor/icons copy_on.gif
2009.07.28 22:14 B E:\www\xpressdial voip\admin\editor\icons\cut.gif <-- xpress /public_html/admin/editor/icons cut.gif
2009.07.28 22:15 B E:\www\xpressdial voip\admin\editor\icons\cut_on.gif <-- xpress /public_html/admin/editor/icons cut_on.gif
2009.07.28 22:15 B E:\www\xpressdial voip\admin\editor\icons\forecolor.gif <-- xpress /public_html/admin/editor/icons forecolor.gif
2009.07.28 22:15 B E:\www\xpressdial voip\admin\editor\icons\forecolor_on.gif <-- xpress /public_html/admin/editor/icons forecolor_on.gif
2009.07.28 22:15 B E:\www\xpressdial voip\admin\editor\icons\help.gif <-- xpress /public_html/admin/editor/icons help.gif
2009.07.28 22:15 B E:\www\xpressdial voip\admin\editor\icons\help_on.gif <-- xpress /public_html/admin/editor/icons help_on.gif
2009.07.28 22:15 B E:\www\xpressdial voip\admin\editor\icons\indent_left.gif <-- xpress /public_html/admin/editor/icons indent_left.gif
2009.07.28 22:15 B E:\www\xpressdial voip\admin\editor\icons\indent_left_on.gif <-- xpress /public_html/admin/editor/icons indent_left_on.gif
2009.07.28 22:15 B E:\www\xpressdial voip\admin\editor\icons\indent_right.gif <-- xpress /public_html/admin/editor/icons indent_right.gif
2009.07.28 22:15 B E:\www\xpressdial voip\admin\editor\icons\indent_right_on.gif <-- xpress /public_html/admin/editor/icons indent_right_on.gif
2009.07.28 22:15 B E:\www\xpressdial voip\admin\editor\icons\insert_hyperlink.gif <-- xpress /public_html/admin/editor/icons insert_hyperlink.gif
2009.07.28 22:15 B E:\www\xpressdial voip\admin\editor\icons\insert_hyperlink_on.gif <-- xpress /public_html/admin/editor/icons insert_hyperlink_on.gif
2009.07.28 22:15 B E:\www\xpressdial voip\admin\editor\icons\insert_picture.gif <-- xpress /public_html/admin/editor/icons insert_picture.gif
2009.07.28 22:15 B E:\www\xpressdial voip\admin\editor\icons\insert_picture_on.gif <-- xpress /public_html/admin/editor/icons insert_picture_on.gif
2009.07.28 22:15 B E:\www\xpressdial voip\admin\editor\icons\insert_table.gif <-- xpress /public_html/admin/editor/icons insert_table.gif
2009.07.28 22:15 B E:\www\xpressdial voip\admin\editor\icons\insert_table_on.gif <-- xpress /public_html/admin/editor/icons insert_table_on.gif
2009.07.28 22:15 B E:\www\xpressdial voip\admin\editor\icons\italics.gif <-- xpress /public_html/admin/editor/icons italics.gif
2009.07.28 22:15 B E:\www\xpressdial voip\admin\editor\icons\italics_on.gif <-- xpress /public_html/admin/editor/icons italics_on.gif
2009.07.28 22:15 B E:\www\xpressdial voip\admin\editor\icons\justify_center.gif <-- xpress /public_html/admin/editor/icons justify_center.gif
2009.07.28 22:15 B E:\www\xpressdial voip\admin\editor\icons\justify_center_on.gif <-- xpress /public_html/admin/editor/icons justify_center_on.gif
2009.07.28 22:15 B E:\www\xpressdial voip\admin\editor\icons\justify_left.gif <-- xpress /public_html/admin/editor/icons justify_left.gif
2009.07.28 22:15 B E:\www\xpressdial voip\admin\editor\icons\justify_left_on.gif <-- xpress /public_html/admin/editor/icons justify_left_on.gif
2009.07.28 22:15 B E:\www\xpressdial voip\admin\editor\icons\justify_right.gif <-- xpress /public_html/admin/editor/icons justify_right.gif
2009.07.28 22:15 B E:\www\xpressdial voip\admin\editor\icons\justify_right_on.gif <-- xpress /public_html/admin/editor/icons justify_right_on.gif
2009.07.28 22:15 B E:\www\xpressdial voip\admin\editor\icons\list_ordered.gif <-- xpress /public_html/admin/editor/icons list_ordered.gif
2009.07.28 22:15 B E:\www\xpressdial voip\admin\editor\icons\list_ordered_on.gif <-- xpress /public_html/admin/editor/icons list_ordered_on.gif
2009.07.28 22:15 B E:\www\xpressdial voip\admin\editor\icons\list_unordered.gif <-- xpress /public_html/admin/editor/icons list_unordered.gif
2009.07.28 22:15 B E:\www\xpressdial voip\admin\editor\icons\list_unordered_on.gif <-- xpress /public_html/admin/editor/icons list_unordered_on.gif
2009.07.28 22:15 B E:\www\xpressdial voip\admin\editor\icons\logo.gif <-- xpress /public_html/admin/editor/icons logo.gif
2009.07.28 22:15 B E:\www\xpressdial voip\admin\editor\icons\paste.gif <-- xpress /public_html/admin/editor/icons paste.gif
2009.07.28 22:15 B E:\www\xpressdial voip\admin\editor\icons\paste_on.gif <-- xpress /public_html/admin/editor/icons paste_on.gif
2009.07.28 22:15 B E:\www\xpressdial voip\admin\editor\icons\redo.gif <-- xpress /public_html/admin/editor/icons redo.gif
2009.07.28 22:15 B E:\www\xpressdial voip\admin\editor\icons\redo_on.gif <-- xpress /public_html/admin/editor/icons redo_on.gif
2009.07.28 22:15 B E:\www\xpressdial voip\admin\editor\icons\select_font.gif <-- xpress /public_html/admin/editor/icons select_font.gif
2009.07.28 22:15 B E:\www\xpressdial voip\admin\editor\icons\select_font_on.gif <-- xpress /public_html/admin/editor/icons select_font_on.gif
2009.07.28 22:15 B E:\www\xpressdial voip\admin\editor\icons\select_size.gif <-- xpress /public_html/admin/editor/icons select_size.gif
2009.07.28 22:15 B E:\www\xpressdial voip\admin\editor\icons\select_size_on.gif <-- xpress /public_html/admin/editor/icons select_size_on.gif
2009.07.28 22:15 B E:\www\xpressdial voip\admin\editor\icons\seperator.gif <-- xpress /public_html/admin/editor/icons seperator.gif
2009.07.28 22:15 B E:\www\xpressdial voip\admin\editor\icons\seperator2.gif <-- xpress /public_html/admin/editor/icons seperator2.gif
2009.07.28 22:15 B E:\www\xpressdial voip\admin\editor\icons\strikethrough.gif <-- xpress /public_html/admin/editor/icons strikethrough.gif
2009.07.28 22:15 B E:\www\xpressdial voip\admin\editor\icons\strikethrough_on.gif <-- xpress /public_html/admin/editor/icons strikethrough_on.gif
2009.07.28 22:15 B E:\www\xpressdial voip\admin\editor\icons\subscript.gif <-- xpress /public_html/admin/editor/icons subscript.gif
2009.07.28 22:15 B E:\www\xpressdial voip\admin\editor\icons\subscript_on.gif <-- xpress /public_html/admin/editor/icons subscript_on.gif
2009.07.28 22:15 B E:\www\xpressdial voip\admin\editor\icons\superscript.gif <-- xpress /public_html/admin/editor/icons superscript.gif
2009.07.28 22:15 B E:\www\xpressdial voip\admin\editor\icons\superscript_on.gif <-- xpress /public_html/admin/editor/icons superscript_on.gif
