2007.02.16 12:00 B E:\abhi\oic\admin___16feb\test\styles\styles.css <-- wildnet /wildnettechnologies/wwwroot/ClubOne/test/styles styles.css
2007.02.16 12:35 B E:\abhi\oic\admin\styles\styles.css --> www.hergame2.com /hergame/oic/admin/styles styles.css
2007.02.16 12:35 B E:\abhi\oic\admin\styles\WS_FTP.LOG --> www.hergame2.com /hergame/oic/admin/styles WS_FTP.LOG
2007.02.16 13:02 B E:\abhi\aaaa\admin\styles\styles.css --> www.hergame2.com /hergame/aaaa/admin/styles styles.css
2007.02.16 13:02 B E:\abhi\aaaa\admin\styles\WS_FTP.LOG --> www.hergame2.com /hergame/aaaa/admin/styles WS_FTP.LOG
2007.02.16 14:20 B E:\abhi\oic\admin\styles\styles.css --> www.hergame2.com /hergame/oic/admin/styles styles.css
2007.02.16 14:20 B E:\abhi\oic\admin\styles\WS_FTP.LOG --> www.hergame2.com /hergame/oic/admin/styles WS_FTP.LOG
2007.02.16 16:32 B E:\abhi\oic\admin\styles\WS_FTP.LOG --> www.hergame2.com /hergame/oic/admin/styles WS_FTP.LOG
2007.02.16 17:40 B E:\abhi\test\admin\styles\styles.css --> wildnettechnologies.com /wildnettechnologies/wwwroot/ClubOne/test/admin/styles styles.css
2007.02.17 11:50 B E:\OIC_17feb\test\admin\styles\WS_FTP.LOG <-- wildnet /wildnettechnologies/wwwroot/ClubOne/test/admin/styles WS_FTP.LOG
2007.02.17 12:18 B E:\OIC_17feb\test\admin\styles\WS_FTP.LOG --> wildnettechnologies.com /wildnettechnologies/wwwroot/ClubOne/test/admin/styles WS_FTP.LOG
2002.01.02 19:07 B D:\OIC\test\admin\styles\WS_FTP.LOG <-- wildnettechnologies.com /wildnettechnologies/wwwroot/ClubOne/test/admin/styles WS_FTP.LOG
2002.01.02 19:20 B D:\OIC\oic\admin\styles\styles.css --> wildnettechnologies.com /wildnettechnologies/wwwroot/oic/admin/styles styles.css
2002.01.02 19:20 B D:\OIC\oic\admin\styles\WS_FTP.LOG --> wildnettechnologies.com /wildnettechnologies/wwwroot/oic/admin/styles WS_FTP.LOG
2002.01.03 22:53 B D:\OIC\oic_ for_oic\admin\styles\styles.css --> oicnb.org /admin/styles styles.css
2007.05.05 14:39 B C:\Program Files\EasyPHP1-8\www\e_mcc\admin\styles\styles.css --> thekente.com /TheKente405/e_mcc/admin/styles styles.css
2007.05.05 14:39 B C:\Program Files\EasyPHP1-8\www\e_mcc\admin\styles\WS_FTP.LOG --> thekente.com /TheKente405/e_mcc/admin/styles WS_FTP.LOG
2007.05.16 18:29 B D:\e_mcc\e_mcc\admin\styles\WS_FTP.LOG <-- gfa /wildnettechnologies/wwwroot/test/e_mcc/admin/styles WS_FTP.LOG
2007.05.16 19:48 B D:\e_mcc\e_mcc\admin\styles\styles.css --> ftp.thekente.com /TheKente405/E_mcc_wildnet/admin/styles styles.css
2007.08.25 11:36 B C:\Program Files\EasyPHP1-8\www\iconshoes\adminsection\editor\styles\WS_FTP.LOG <-- Iconshoes /adminsection/editor/styles WS_FTP.LOG
2007.08.25 15:37 B C:\Program Files\EasyPHP1-8\www\iconshoes\adminsection\editor\styles\WS_FTP.LOG --> www.iconshoes.co.uk /adminsection/editor/styles WS_FTP.LOG
2009.04.22 23:26 B E:\www\u1pinless\admin\editor\styles\styles.css --> ftp.u1pinless.com /public_html/admin/editor/styles styles.css
2009.04.22 23:26 B E:\www\u1pinless\admin\editor\styles\WS_FTP.LOG --> ftp.u1pinless.com /public_html/admin/editor/styles WS_FTP.LOG
