2007.02.16 11:59 B E:\abhi\oic\admin___16feb\test\popups\about.html <-- wildnet /wildnettechnologies/wwwroot/ClubOne/test/popups about.html
2007.02.16 11:59 B E:\abhi\oic\admin___16feb\test\popups\about_license.html <-- wildnet /wildnettechnologies/wwwroot/ClubOne/test/popups about_license.html
2007.02.16 11:59 B E:\abhi\oic\admin___16feb\test\popups\create_table.html <-- wildnet /wildnettechnologies/wwwroot/ClubOne/test/popups create_table.html
2007.02.16 11:59 B E:\abhi\oic\admin___16feb\test\popups\insert_hyperlink.html <-- wildnet /wildnettechnologies/wwwroot/ClubOne/test/popups insert_hyperlink.html
2007.02.16 11:59 B E:\abhi\oic\admin___16feb\test\popups\insert_image.html <-- wildnet /wildnettechnologies/wwwroot/ClubOne/test/popups insert_image.html
2007.02.16 12:00 B E:\abhi\oic\admin___16feb\test\popups\license.html <-- wildnet /wildnettechnologies/wwwroot/ClubOne/test/popups license.html
2007.02.16 12:00 B E:\abhi\oic\admin___16feb\test\popups\select_color.html <-- wildnet /wildnettechnologies/wwwroot/ClubOne/test/popups select_color.html
2007.02.16 12:34 B E:\abhi\oic\admin\popups\about.html --> www.hergame2.com /hergame/oic/admin/popups about.html
2007.02.16 12:34 B E:\abhi\oic\admin\popups\about_license.html --> www.hergame2.com /hergame/oic/admin/popups about_license.html
2007.02.16 12:34 B E:\abhi\oic\admin\popups\create_table.html --> www.hergame2.com /hergame/oic/admin/popups create_table.html
2007.02.16 12:34 B E:\abhi\oic\admin\popups\insert_hyperlink.html --> www.hergame2.com /hergame/oic/admin/popups insert_hyperlink.html
2007.02.16 12:34 B E:\abhi\oic\admin\popups\insert_image.html --> www.hergame2.com /hergame/oic/admin/popups insert_image.html
2007.02.16 12:34 B E:\abhi\oic\admin\popups\license.html --> www.hergame2.com /hergame/oic/admin/popups license.html
2007.02.16 12:34 B E:\abhi\oic\admin\popups\select_color.html --> www.hergame2.com /hergame/oic/admin/popups select_color.html
2007.02.16 12:35 B E:\abhi\oic\admin\popups\WS_FTP.LOG --> www.hergame2.com /hergame/oic/admin/popups WS_FTP.LOG
2007.02.16 13:01 B E:\abhi\aaaa\admin\popups\about.html --> www.hergame2.com /hergame/aaaa/admin/popups about.html
2007.02.16 13:01 B E:\abhi\aaaa\admin\popups\about_license.html --> www.hergame2.com /hergame/aaaa/admin/popups about_license.html
2007.02.16 13:01 B E:\abhi\aaaa\admin\popups\create_table.html --> www.hergame2.com /hergame/aaaa/admin/popups create_table.html
2007.02.16 13:02 B E:\abhi\aaaa\admin\popups\insert_hyperlink.html --> www.hergame2.com /hergame/aaaa/admin/popups insert_hyperlink.html
2007.02.16 13:02 B E:\abhi\aaaa\admin\popups\insert_image.html --> www.hergame2.com /hergame/aaaa/admin/popups insert_image.html
2007.02.16 13:02 B E:\abhi\aaaa\admin\popups\license.html --> www.hergame2.com /hergame/aaaa/admin/popups license.html
2007.02.16 13:02 B E:\abhi\aaaa\admin\popups\select_color.html --> www.hergame2.com /hergame/aaaa/admin/popups select_color.html
2007.02.16 13:02 B E:\abhi\aaaa\admin\popups\WS_FTP.LOG --> www.hergame2.com /hergame/aaaa/admin/popups WS_FTP.LOG
2007.02.16 14:20 B E:\abhi\oic\admin\popups\about.html --> www.hergame2.com /hergame/oic/admin/popups about.html
2007.02.16 14:20 B E:\abhi\oic\admin\popups\about_license.html --> www.hergame2.com /hergame/oic/admin/popups about_license.html
2007.02.16 14:20 B E:\abhi\oic\admin\popups\create_table.html --> www.hergame2.com /hergame/oic/admin/popups create_table.html
2007.02.16 14:20 B E:\abhi\oic\admin\popups\insert_hyperlink.html --> www.hergame2.com /hergame/oic/admin/popups insert_hyperlink.html
2007.02.16 14:20 B E:\abhi\oic\admin\popups\insert_image.html --> www.hergame2.com /hergame/oic/admin/popups insert_image.html
2007.02.16 14:20 B E:\abhi\oic\admin\popups\license.html --> www.hergame2.com /hergame/oic/admin/popups license.html
2007.02.16 14:20 B E:\abhi\oic\admin\popups\select_color.html --> www.hergame2.com /hergame/oic/admin/popups select_color.html
2007.02.16 14:20 B E:\abhi\oic\admin\popups\WS_FTP.LOG --> www.hergame2.com /hergame/oic/admin/popups WS_FTP.LOG
2007.02.16 16:31 B E:\abhi\oic\admin\popups\WS_FTP.LOG --> www.hergame2.com /hergame/oic/admin/popups WS_FTP.LOG
2007.02.16 17:39 B E:\abhi\test\admin\popups\about.html --> wildnettechnologies.com /wildnettechnologies/wwwroot/ClubOne/test/admin/popups about.html
2007.02.16 17:39 B E:\abhi\test\admin\popups\about_license.html --> wildnettechnologies.com /wildnettechnologies/wwwroot/ClubOne/test/admin/popups about_license.html
2007.02.16 17:39 B E:\abhi\test\admin\popups\create_table.html --> wildnettechnologies.com /wildnettechnologies/wwwroot/ClubOne/test/admin/popups create_table.html
2007.02.16 17:40 B E:\abhi\test\admin\popups\insert_hyperlink.html --> wildnettechnologies.com /wildnettechnologies/wwwroot/ClubOne/test/admin/popups insert_hyperlink.html
2007.02.16 17:40 B E:\abhi\test\admin\popups\insert_image.html --> wildnettechnologies.com /wildnettechnologies/wwwroot/ClubOne/test/admin/popups insert_image.html
2007.02.16 17:40 B E:\abhi\test\admin\popups\license.html --> wildnettechnologies.com /wildnettechnologies/wwwroot/ClubOne/test/admin/popups license.html
2007.02.16 17:40 B E:\abhi\test\admin\popups\select_color.html --> wildnettechnologies.com /wildnettechnologies/wwwroot/ClubOne/test/admin/popups select_color.html
2007.02.17 11:50 B E:\OIC_17feb\test\admin\popups\WS_FTP.LOG <-- wildnet /wildnettechnologies/wwwroot/ClubOne/test/admin/popups WS_FTP.LOG
2007.02.17 12:17 B E:\OIC_17feb\test\admin\popups\WS_FTP.LOG --> wildnettechnologies.com /wildnettechnologies/wwwroot/ClubOne/test/admin/popups WS_FTP.LOG
2002.01.02 19:07 B D:\OIC\test\admin\popups\WS_FTP.LOG <-- wildnettechnologies.com /wildnettechnologies/wwwroot/ClubOne/test/admin/popups WS_FTP.LOG
2002.01.02 19:20 B D:\OIC\oic\admin\popups\about.html --> wildnettechnologies.com /wildnettechnologies/wwwroot/oic/admin/popups about.html
2002.01.02 19:20 B D:\OIC\oic\admin\popups\about_license.html --> wildnettechnologies.com /wildnettechnologies/wwwroot/oic/admin/popups about_license.html
2002.01.02 19:20 B D:\OIC\oic\admin\popups\create_table.html --> wildnettechnologies.com /wildnettechnologies/wwwroot/oic/admin/popups create_table.html
2002.01.02 19:20 B D:\OIC\oic\admin\popups\insert_hyperlink.html --> wildnettechnologies.com /wildnettechnologies/wwwroot/oic/admin/popups insert_hyperlink.html
2002.01.02 19:20 B D:\OIC\oic\admin\popups\insert_image.html --> wildnettechnologies.com /wildnettechnologies/wwwroot/oic/admin/popups insert_image.html
2002.01.02 19:20 B D:\OIC\oic\admin\popups\license.html --> wildnettechnologies.com /wildnettechnologies/wwwroot/oic/admin/popups license.html
2002.01.02 19:20 B D:\OIC\oic\admin\popups\select_color.html --> wildnettechnologies.com /wildnettechnologies/wwwroot/oic/admin/popups select_color.html
2002.01.02 19:20 B D:\OIC\oic\admin\popups\WS_FTP.LOG --> wildnettechnologies.com /wildnettechnologies/wwwroot/oic/admin/popups WS_FTP.LOG
2002.01.03 22:52 B D:\OIC\oic_ for_oic\admin\popups\about.html --> oicnb.org /admin/popups about.html
2002.01.03 22:52 B D:\OIC\oic_ for_oic\admin\popups\about_license.html --> oicnb.org /admin/popups about_license.html
2002.01.03 22:52 B D:\OIC\oic_ for_oic\admin\popups\create_table.html --> oicnb.org /admin/popups create_table.html
2002.01.03 22:52 B D:\OIC\oic_ for_oic\admin\popups\insert_hyperlink.html --> oicnb.org /admin/popups insert_hyperlink.html
2002.01.03 22:52 B D:\OIC\oic_ for_oic\admin\popups\insert_image.html --> oicnb.org /admin/popups insert_image.html
2002.01.03 22:52 B D:\OIC\oic_ for_oic\admin\popups\license.html --> oicnb.org /admin/popups license.html
2002.01.03 22:52 B D:\OIC\oic_ for_oic\admin\popups\select_color.html --> oicnb.org /admin/popups select_color.html
2007.05.05 14:38 B C:\Program Files\EasyPHP1-8\www\e_mcc\admin\popups\about.html --> thekente.com /TheKente405/e_mcc/admin/popups about.html
2007.05.05 14:38 B C:\Program Files\EasyPHP1-8\www\e_mcc\admin\popups\about_license.html --> thekente.com /TheKente405/e_mcc/admin/popups about_license.html
2007.05.05 14:39 B C:\Program Files\EasyPHP1-8\www\e_mcc\admin\popups\create_table.html --> thekente.com /TheKente405/e_mcc/admin/popups create_table.html
2007.05.05 14:39 B C:\Program Files\EasyPHP1-8\www\e_mcc\admin\popups\insert_hyperlink.html --> thekente.com /TheKente405/e_mcc/admin/popups insert_hyperlink.html
2007.05.05 14:39 B C:\Program Files\EasyPHP1-8\www\e_mcc\admin\popups\insert_image.html --> thekente.com /TheKente405/e_mcc/admin/popups insert_image.html
2007.05.05 14:39 B C:\Program Files\EasyPHP1-8\www\e_mcc\admin\popups\license.html --> thekente.com /TheKente405/e_mcc/admin/popups license.html
2007.05.05 14:39 B C:\Program Files\EasyPHP1-8\www\e_mcc\admin\popups\select_color.html --> thekente.com /TheKente405/e_mcc/admin/popups select_color.html
2007.05.05 14:39 B C:\Program Files\EasyPHP1-8\www\e_mcc\admin\popups\WS_FTP.LOG --> thekente.com /TheKente405/e_mcc/admin/popups WS_FTP.LOG
2007.05.16 18:29 B D:\e_mcc\e_mcc\admin\popups\WS_FTP.LOG <-- gfa /wildnettechnologies/wwwroot/test/e_mcc/admin/popups WS_FTP.LOG
2007.05.16 19:47 B D:\e_mcc\e_mcc\admin\popups\about.html --> ftp.thekente.com /TheKente405/E_mcc_wildnet/admin/popups about.html
2007.05.16 19:47 B D:\e_mcc\e_mcc\admin\popups\about_license.html --> ftp.thekente.com /TheKente405/E_mcc_wildnet/admin/popups about_license.html
2007.05.16 19:47 B D:\e_mcc\e_mcc\admin\popups\create_table.html --> ftp.thekente.com /TheKente405/E_mcc_wildnet/admin/popups create_table.html
2007.05.16 19:47 B D:\e_mcc\e_mcc\admin\popups\insert_hyperlink.html --> ftp.thekente.com /TheKente405/E_mcc_wildnet/admin/popups insert_hyperlink.html
2007.05.16 19:47 B D:\e_mcc\e_mcc\admin\popups\insert_image.html --> ftp.thekente.com /TheKente405/E_mcc_wildnet/admin/popups insert_image.html
2007.05.16 19:47 B D:\e_mcc\e_mcc\admin\popups\license.html --> ftp.thekente.com /TheKente405/E_mcc_wildnet/admin/popups license.html
2007.05.16 19:47 B D:\e_mcc\e_mcc\admin\popups\select_color.html --> ftp.thekente.com /TheKente405/E_mcc_wildnet/admin/popups select_color.html
2007.08.25 11:36 B C:\Program Files\EasyPHP1-8\www\iconshoes\adminsection\editor\popups\WS_FTP.LOG <-- Iconshoes /adminsection/editor/popups WS_FTP.LOG
2007.08.25 15:37 B C:\Program Files\EasyPHP1-8\www\iconshoes\adminsection\editor\popups\WS_FTP.LOG --> www.iconshoes.co.uk /adminsection/editor/popups WS_FTP.LOG
2009.04.22 23:25 B E:\www\u1pinless\admin\editor\popups\about.html --> ftp.u1pinless.com /public_html/admin/editor/popups about.html
2009.04.22 23:25 B E:\www\u1pinless\admin\editor\popups\about_license.html --> ftp.u1pinless.com /public_html/admin/editor/popups about_license.html
2009.04.22 23:25 B E:\www\u1pinless\admin\editor\popups\create_table.html --> ftp.u1pinless.com /public_html/admin/editor/popups create_table.html
2009.04.22 23:25 B E:\www\u1pinless\admin\editor\popups\insert_hyperlink.html --> ftp.u1pinless.com /public_html/admin/editor/popups insert_hyperlink.html
2009.04.22 23:25 B E:\www\u1pinless\admin\editor\popups\insert_image.html --> ftp.u1pinless.com /public_html/admin/editor/popups insert_image.html
2009.04.22 23:25 B E:\www\u1pinless\admin\editor\popups\license.html --> ftp.u1pinless.com /public_html/admin/editor/popups license.html
2009.04.22 23:25 B E:\www\u1pinless\admin\editor\popups\select_color.html --> ftp.u1pinless.com /public_html/admin/editor/popups select_color.html
2009.04.22 23:25 B E:\www\u1pinless\admin\editor\popups\WS_FTP.LOG --> ftp.u1pinless.com /public_html/admin/editor/popups WS_FTP.LOG
